2024-04-17 09:28:01,560 [T1] INFO  EngineStarter
BOT Engine Start - v3.1.000.01101
BOT ID: D_20240417_092801_027
BOT PID: 3188
BOT PPID: 7832
BOT Working Directory: C:\Users\rsmenezes1\AppData\Roaming\Brity RPA Designer

2024-04-17 09:28:01,569 [T1] INFO  EngineStarter
System Language: pt-BR
Resolution: 3840 x 1080

2024-04-17 09:28:01,740 [T1] INFO  Config
Initialize Config

2024-04-17 09:28:01,763 [T1] DEBUG Config
Config Loaded

2024-04-17 09:28:01,763 [T1] DEBUG Config
Backup config file.

2024-04-17 09:28:01,775 [T1] INFO  Config
Orchestrator Service => https://orch.sdsbrity.com:8777

2024-04-17 09:28:01,777 [T1] INFO  Config
Initialize Resource Config

2024-04-17 09:28:01,794 [T1] DEBUG Config
Refresh Language Information

2024-04-17 09:28:01,864 [T1] INFO  Config
All Config Initialized.

2024-04-17 09:28:01,866 [T1] DEBUG KeyManager
Initialize KeyManager

2024-04-17 09:28:01,869 [T1] DEBUG KeyManager
Device ID is initialized.

2024-04-17 09:28:01,891 [T1] INFO  CertLicenseClient
Initialize certificate.

2024-04-17 09:28:01,895 [T1] DEBUG CertLicenseClient
Set Security Protocol: Tls12

2024-04-17 09:28:01,916 [T5] DEBUG JobService
Connect to agent service

2024-04-17 09:28:01,921 [T1] DEBUG ApplicationInitializer
InitMode: Thread

2024-04-17 09:28:01,925 [T1] INFO  LibraryManager
Load Libraries - Started

2024-04-17 09:28:01,932 [T1] DEBUG AddInLoader
Load Assembly : IPA.Lib.Chrome

2024-04-17 09:28:02,017 [T5] DEBUG JobService
JobService URL : net.tcp://127.0.0.1:59001/rpa/agent

2024-04-17 09:28:02,017 [T5] DEBUG JobService
Open connection

2024-04-17 09:28:02,105 [T1] DEBUG AddInLoader
Load Assembly : IPA.Lib.Desktop

2024-04-17 09:28:02,212 [T5] DEBUG JobService
Register engine to agent

2024-04-17 09:28:02,234 [T1] DEBUG AddInLoader
Load Assembly : IPA.Lib.Excel

2024-04-17 09:28:02,347 [T1] DEBUG AddInLoader
Load Assembly : IPA.Lib.Flow

2024-04-17 09:28:02,383 [T5] DEBUG JobService
Engine is connected to agent service.

2024-04-17 09:28:02,383 [T5] DEBUG JobService
Owner Process PID: 7832

2024-04-17 09:28:02,387 [T5] INFO  JobService
Start monitoring owner process is terminated.

2024-04-17 09:28:02,429 [T1] DEBUG AddInLoader
Load Assembly : IPA.Lib.IE

2024-04-17 09:28:02,484 [T6] INFO  JobService
Start Job: P_BuscaPelando (Foreground)
{
  "UsePIP": false,
  "UserID": null,
  "UserPWD": null,
  "IsRunning": false,
  "ResultMessage": null,
  "JobWorkDir": "C:\\Users\\rsmenezes1\\Documents\\Brity RPA Projects\\BuscaPelando\\Histories\\20240417_092800_P_BuscaPelando_Designer_20240417_092758_304",
  "JobLogDir": "C:\\Users\\rsmenezes1\\Documents\\Brity RPA Projects\\BuscaPelando\\Histories\\20240417_092800_P_BuscaPelando_Designer_20240417_092758_304\\Log",
  "JobScreenshotDir": "C:\\Users\\rsmenezes1\\Documents\\Brity RPA Projects\\BuscaPelando\\Histories\\20240417_092800_P_BuscaPelando_Designer_20240417_092758_304\\Log\\Screenshot",
  "TotalProcessStepCount": 0,
  "CurrentStepNo": 0,
  "CurrentStepName": null,
  "StartTime": "2024-04-17 09:28:01",
  "EndTime": null,
  "Data": null,
  "EngineID": "D_20240417_092801_027",
  "EnginePID": 0,
  "EngineRecommededVersion": "",
  "JobId": "Designer_20240417_092758_304",
  "JobType": 1,
  "UserAuthentication": null,
  "ProcessPath": "C:\\Users\\rsmenezes1\\Documents\\Brity RPA Projects\\BuscaPelando\\P_BuscaPelando.proc",
  "ProcessId": "555b061e-b28a-40a4-a60a-8b5af287d0c6",
  "ProcessVer": "",
  "ProcessArgs": null,
  "RequesterType": 3,
  "RequesterId": "designer",
  "RequesterPID": 7832,
  "OptionsJsonString": null,
  "TimeoutSec": 0,
  "State": 0
}

2024-04-17 09:28:02,497 [T1] DEBUG AddInLoader
Load Assembly : IPA.Lib.ImageConverter

2024-04-17 09:28:02,534 [T1] DEBUG AddInLoader
Load Assembly : IPA.Lib.ImageRecognition

2024-04-17 09:28:02,624 [T8] DEBUG JobService
Waiting library loading...

2024-04-17 09:28:02,665 [T1] DEBUG AddInLoader
Load Assembly : IPA.Lib.MicrosoftOCR

2024-04-17 09:28:02,712 [T1] DEBUG AddInLoader
Load Assembly : IPA.Lib.Net

2024-04-17 09:28:02,782 [T1] DEBUG AddInLoader
Load Assembly : IPA.Lib.Orchestra

2024-04-17 09:28:02,836 [T1] DEBUG AddInLoader
Load Assembly : IPA.Lib.ProcessFlow

2024-04-17 09:28:02,902 [T1] DEBUG AddInLoader
Load Assembly : IPA.Lib.SAP

2024-04-17 09:28:02,970 [T1] DEBUG AddInLoader
Load Assembly : IPA.Lib.Web

2024-04-17 09:28:03,047 [T1] DEBUG AddInLoader
Load Assembly : IPA.Lib.Win

2024-04-17 09:28:03,127 [T1] INFO  ScreenCapture
Default Screen Capture Bounds: -1920;0;3840;1080

2024-04-17 09:28:03,152 [T1] DEBUG AddInLoader
Load Assembly : BrityRPA.AddIn.NativeApp

2024-04-17 09:28:03,219 [T1] DEBUG AddInLoader
Load Assembly : BrityWorks.AddIn.Outlook

2024-04-17 09:28:03,261 [T1] DEBUG AddInLoader
Load Assembly : BrityWorks.AddIn.Pdf

2024-04-17 09:28:03,305 [T1] DEBUG LibraryManager
Load Library - Chrome

2024-04-17 09:28:03,306 [T1] DEBUG LibraryManager
Load Library - Desktop

2024-04-17 09:28:03,307 [T1] DEBUG LibraryManager
Load Library - Excel

2024-04-17 09:28:03,307 [T1] DEBUG LibraryManager
Load Library - Flow

2024-04-17 09:28:03,307 [T1] DEBUG LibraryManager
Load Library - IE

2024-04-17 09:28:03,309 [T1] DEBUG LibraryManager
Load Library - ImageConverter

2024-04-17 09:28:03,309 [T1] DEBUG LibraryManager
Load Library - ImageRecognition

2024-04-17 09:28:03,310 [T1] DEBUG LibraryManager
Load Library - MicrosoftOCR

2024-04-17 09:28:03,310 [T1] DEBUG LibraryManager
Load Library - NativeApp

2024-04-17 09:28:03,312 [T1] DEBUG LibraryManager
Load Library - Net

2024-04-17 09:28:03,312 [T1] DEBUG LibraryManager
Load Library - Orchestra

2024-04-17 09:28:03,312 [T1] DEBUG LibraryManager
Load Library - Outlook

2024-04-17 09:28:03,313 [T1] DEBUG LibraryManager
Load Library - Pdf

2024-04-17 09:28:03,313 [T1] DEBUG LibraryManager
Load Library - SAP

2024-04-17 09:28:03,313 [T1] DEBUG LibraryManager
Load Library - Web

2024-04-17 09:28:03,313 [T1] DEBUG LibraryManager
Load Library - Win

2024-04-17 09:28:03,314 [T1] DEBUG LibraryManager
Load Library - WorkFlow

2024-04-17 09:28:03,318 [T1] DEBUG LibraryManager
Load built-in script libraries

2024-04-17 09:28:03,428 [T1] INFO  LibraryManager
Load Libraries - Completed.

2024-04-17 09:28:03,433 [T1] INFO  App
Launch Arguments: Total: 6 |  -eid D_20240417_092801_027 -runtype ProcRunner -ppid 7832

2024-04-17 09:28:03,433 [T1] DEBUG Config
Refresh Language Information

2024-04-17 09:28:03,433 [T1] DEBUG LibraryManager
LibraryManager Initialized.

2024-04-17 09:28:03,437 [T8] DEBUG Config
Reload User Settings

2024-04-17 09:28:03,437 [T8] INFO  JobService
Config Loading Completed.

2024-04-17 09:28:03,437 [T8] DEBUG JobService
Config Loading Time: 813 ms.

2024-04-17 09:28:03,444 [T8] INFO  JobManager
Create JobManager instance for job P_BuscaPelando(Designer_20240417_092758_304)

2024-04-17 09:28:03,447 [T8] INFO  JobRequest
Job ID : Designer_20240417_092758_304
Project Path  : C:\Users\rsmenezes1\Documents\Brity RPA Projects\BuscaPelando\BuscaPelando.proj
Process Name  : P_BuscaPelando
Engine Mode   : Designer
Requester Type: Designer
Requester PID : 7832

2024-04-17 09:28:03,448 [T9] INFO  JobRequest
Start Callback Sender

2024-04-17 09:28:03,448 [T9] DEBUG JobRequest
Step Callback Interval: 500

2024-04-17 09:28:03,484 [T8] DEBUG ProjectManager
Set Project Information

2024-04-17 09:28:03,501 [T8] INFO  PlayOptionManager
PlayOption
- Step Interval : 1
- Disable DrawBounds : False
- Invoke First : False
- Allow Upload of DumpScreen results : False

2024-04-17 09:28:03,501 [T8] INFO  JobRunner
Initialize Script Engine

2024-04-17 09:28:03,512 [TScriptEngine] INFO  JobRequest
##############################################################
### STATE: Initializing
##############################################################


2024-04-17 09:28:03,530 [T9] DEBUG JobRequest
Callback - State: Initializing


2024-04-17 09:28:04,058 [TScriptEngine] INFO  JobRequest
##############################################################
### STATE: Ready
##############################################################


2024-04-17 09:28:04,066 [T8] INFO  JobRunnerHook
HotKey Hook Started

2024-04-17 09:28:04,066 [T8] INFO  JobRequest
##############################################################
### STATE: Starting
##############################################################


2024-04-17 09:28:04,067 [TScriptEngine] INFO  JobRunner
RunProcess start

2024-04-17 09:28:04,068 [TScriptEngine] INFO  JobRequest
##############################################################
### STATE: Running
##############################################################


2024-04-17 09:28:04,069 [TScriptEngine] INFO  JobRequest
Last job life cycle state: Running

2024-04-17 09:28:04,072 [T9] DEBUG JobRequest
Callback - State: Ready


2024-04-17 09:28:04,072 [T9] DEBUG JobRequest
Callback - State: Starting


2024-04-17 09:28:04,087 [T9] DEBUG JobRequest
Callback - State: Running


2024-04-17 09:28:05,160 [TScriptEngine] DEBUG ScreenCapture
DirectX Screen Capture Initialized.

2024-04-17 09:28:05,291 [TScriptEngine] DEBUG JobRunner
DirectX ScreenCapture Checked.

2024-04-17 09:28:05,308 [TScriptEngine] INFO  JobRequest
##############################################################
### STATE: StartProcess - P_BuscaPelando
##############################################################
555b061e-b28a-40a4-a60a-8b5af287d0c6
P_BuscaPelando


2024-04-17 09:28:05,351 [TScriptEngine] INFO  JobRequest
**************************************************************
*** TASK: P_BuscaPelando
**************************************************************
 - STEP 1: S86f16690686645bc8439a8b2b452cd83 (1/13) - (1/13)
 - [1] ExecuteScript


2024-04-17 09:28:20,697 [TScriptEngine] INFO  JobRunner
Try Pause

2024-04-17 09:28:20,697 [TScriptEngine] INFO  JobRequest
##############################################################
### STATE: Paused
##############################################################


2024-04-17 09:28:20,697 [TScriptEngine] INFO  JobRequest
Last job life cycle state: Paused

2024-04-17 09:28:20,715 [T9] DEBUG JobRequest
Callback - State: Paused


2024-04-17 09:28:45,288 [T6] INFO  JobService
Stop Job

2024-04-17 09:28:45,290 [T6] INFO  JobRunner
Stop Job Runner - Cause: LocalUser / Message: stop by user

2024-04-17 09:28:45,291 [T6] INFO  JobRequest
##############################################################
### STATE: Stopping
##############################################################
stop by user


2024-04-17 09:28:45,297 [T9] DEBUG JobRequest
Callback - State: Stopping
stop by user

2024-04-17 09:28:45,310 [TScriptEngine] FINE  JobRunner
RunTask ExceptionOccured. TASK: P_BuscaPelando => TypeError: Cannot read property 'includes' of undefined

2024-04-17 09:28:45,318 [TScriptEngine] INFO  JobRequest
##############################################################
### STATE: EndProcess - P_BuscaPelando
##############################################################
555b061e-b28a-40a4-a60a-8b5af287d0c6
P_BuscaPelando


2024-04-17 09:28:45,331 [TScriptEngine] DEBUG JobManager
Set Result State: Stopped

2024-04-17 09:28:45,334 [TScriptEngine] INFO  JobRunner
Make report.

2024-04-17 09:28:45,391 [TScriptEngine] INFO  JobRunner
Start to clean up resources.

2024-04-17 09:28:45,392 [TScriptEngine] DEBUG JobRunner
OnProcessCompleted

2024-04-17 09:28:45,392 [T23] DEBUG JobRunner
Start timer for checking the job to be completed.

2024-04-17 09:28:45,392 [TScriptEngine] INFO  JobRunner
Start to clean up resources.

2024-04-17 09:28:45,393 [TScriptEngine] DEBUG JobRunner
Remove all libraries

2024-04-17 09:28:45,403 [TScriptEngine] DEBUG NetPlayer
WebPlayer OnDispose

2024-04-17 09:28:45,404 [TScriptEngine] DEBUG WebPlayer
WebPlayer OnDispose : Do Nothing

2024-04-17 09:28:45,406 [TScriptEngine] DEBUG UiaAppHelper
WinHelper DisposeAppList Count: 0

2024-04-17 09:28:45,406 [TScriptEngine] INFO  JobRunner
All Resources Clear

2024-04-17 09:28:45,407 [TScriptEngine] DEBUG JobRunner
OnCompleted

2024-04-17 09:28:45,407 [TScriptEngine] DEBUG JobRunner
SendJobResult: Stopped

2024-04-17 09:28:45,407 [TScriptEngine] INFO  JobRequest
##############################################################
### STATE: Stopped
##############################################################
Process: P_BuscaPelando

Process: P_BuscaPelando
Step: ExecuteScript (1/13)
TypeError: Cannot read property 'includes' of undefined


2024-04-17 09:28:45,407 [TScriptEngine] INFO  JobRequest
Last job life cycle state: Stopped

2024-04-17 09:28:45,407 [TScriptEngine] INFO  JobRequest
Update skipped current step informations.

2024-04-17 09:28:45,412 [TScriptEngine] INFO  JobRequest
##############################################################
### JOB COMPLETED
##############################################################


2024-04-17 09:28:45,424 [T9] DEBUG JobRequest
Callback - State: Stopped
Process: P_BuscaPelando

Process: P_BuscaPelando
Step: ExecuteScript (1/13)
TypeError: Cannot read property 'includes' of undefined

2024-04-17 09:28:45,425 [T9] INFO  JobRequest
Callback - EngineClosed

2024-04-17 09:28:45,425 [T9] INFO  JobService
Disconnect agent service

2024-04-17 09:28:45,438 [TScriptEngine] INFO  JobRunner
RunProcess end

2024-04-17 09:28:45,438 [T1] INFO  JobService
Exit - Shutdown Engine BOT

2024-04-17 09:28:45,443 [T9] DEBUG JobRequest
End of Callback Sender

