2024-04-22 11:41:46,226 [T1] INFO  EngineStarter
BOT Engine Start - v3.1.000.01101
BOT ID: D_20240422_114145_770
BOT PID: 19432
BOT PPID: 5068
BOT Working Directory: C:\Users\rsouz\AppData\Roaming\Brity RPA Designer

2024-04-22 11:41:46,236 [T1] INFO  EngineStarter
System Language: pt-BR
Resolution: 1920 x 1080

2024-04-22 11:41:46,378 [T1] INFO  Config
Initialize Config

2024-04-22 11:41:46,402 [T1] DEBUG Config
Config Loaded

2024-04-22 11:41:46,402 [T1] DEBUG Config
Backup config file.

2024-04-22 11:41:46,408 [T1] INFO  Config
Orchestrator Service => https://orch.sdsbrity.com:8777

2024-04-22 11:41:46,409 [T1] INFO  Config
Initialize Resource Config

2024-04-22 11:41:46,428 [T1] DEBUG Config
Refresh Language Information

2024-04-22 11:41:46,480 [T1] INFO  Config
All Config Initialized.

2024-04-22 11:41:46,482 [T1] DEBUG KeyManager
Initialize KeyManager

2024-04-22 11:41:46,486 [T1] DEBUG KeyManager
Device ID is initialized.

2024-04-22 11:41:46,507 [T1] INFO  CertLicenseClient
Initialize certificate.

2024-04-22 11:41:46,510 [T1] DEBUG CertLicenseClient
Set Security Protocol: Tls12

2024-04-22 11:41:46,527 [T5] DEBUG JobService
Connect to agent service

2024-04-22 11:41:46,534 [T1] DEBUG ApplicationInitializer
InitMode: Thread

2024-04-22 11:41:46,537 [T1] INFO  LibraryManager
Load Libraries - Started

2024-04-22 11:41:46,544 [T1] DEBUG AddInLoader
Load Assembly : IPA.Lib.Chrome

2024-04-22 11:41:46,625 [T5] DEBUG JobService
JobService URL : net.tcp://127.0.0.1:59001/rpa/agent

2024-04-22 11:41:46,626 [T5] DEBUG JobService
Open connection

2024-04-22 11:41:46,728 [T1] DEBUG AddInLoader
Load Assembly : IPA.Lib.Desktop

2024-04-22 11:41:46,793 [T5] DEBUG JobService
Register engine to agent

2024-04-22 11:41:46,830 [T1] DEBUG AddInLoader
Load Assembly : IPA.Lib.Excel

2024-04-22 11:41:46,883 [T5] DEBUG JobService
Engine is connected to agent service.

2024-04-22 11:41:46,883 [T5] DEBUG JobService
Owner Process PID: 5068

2024-04-22 11:41:46,894 [T5] INFO  JobService
Start monitoring owner process is terminated.

2024-04-22 11:41:46,935 [T1] DEBUG AddInLoader
Load Assembly : IPA.Lib.Flow

2024-04-22 11:41:47,003 [T1] DEBUG AddInLoader
Load Assembly : IPA.Lib.IE

2024-04-22 11:41:47,055 [T1] DEBUG AddInLoader
Load Assembly : IPA.Lib.ImageConverter

2024-04-22 11:41:47,094 [T1] DEBUG AddInLoader
Load Assembly : IPA.Lib.ImageRecognition

2024-04-22 11:41:47,207 [T1] DEBUG AddInLoader
Load Assembly : IPA.Lib.MicrosoftOCR

2024-04-22 11:41:47,242 [T1] DEBUG AddInLoader
Load Assembly : IPA.Lib.Net

2024-04-22 11:41:47,288 [T1] DEBUG AddInLoader
Load Assembly : IPA.Lib.Orchestra

2024-04-22 11:41:47,332 [T1] DEBUG AddInLoader
Load Assembly : IPA.Lib.ProcessFlow

2024-04-22 11:41:47,383 [T1] DEBUG AddInLoader
Load Assembly : IPA.Lib.SAP

2024-04-22 11:41:47,440 [T1] DEBUG AddInLoader
Load Assembly : IPA.Lib.Web

2024-04-22 11:41:47,501 [T1] DEBUG AddInLoader
Load Assembly : IPA.Lib.Win

2024-04-22 11:41:47,573 [T1] INFO  ScreenCapture
Default Screen Capture Bounds: 0;0;1920;1080

2024-04-22 11:41:47,594 [T1] DEBUG AddInLoader
Load Assembly : BrityRPA.AddIn.NativeApp

2024-04-22 11:41:47,654 [T1] DEBUG AddInLoader
Load Assembly : BrityWorks.AddIn.Outlook

2024-04-22 11:41:47,690 [T1] DEBUG AddInLoader
Load Assembly : BrityWorks.AddIn.Pdf

2024-04-22 11:41:47,736 [T1] DEBUG LibraryManager
Load Library - Chrome

2024-04-22 11:41:47,738 [T1] DEBUG LibraryManager
Load Library - Desktop

2024-04-22 11:41:47,738 [T1] DEBUG LibraryManager
Load Library - Excel

2024-04-22 11:41:47,739 [T1] DEBUG LibraryManager
Load Library - Flow

2024-04-22 11:41:47,739 [T1] DEBUG LibraryManager
Load Library - IE

2024-04-22 11:41:47,739 [T1] DEBUG LibraryManager
Load Library - ImageConverter

2024-04-22 11:41:47,740 [T1] DEBUG LibraryManager
Load Library - ImageRecognition

2024-04-22 11:41:47,740 [T1] DEBUG LibraryManager
Load Library - MicrosoftOCR

2024-04-22 11:41:47,741 [T1] DEBUG LibraryManager
Load Library - NativeApp

2024-04-22 11:41:47,742 [T1] DEBUG LibraryManager
Load Library - Net

2024-04-22 11:41:47,742 [T1] DEBUG LibraryManager
Load Library - Orchestra

2024-04-22 11:41:47,742 [T1] DEBUG LibraryManager
Load Library - Outlook

2024-04-22 11:41:47,743 [T1] DEBUG LibraryManager
Load Library - Pdf

2024-04-22 11:41:47,743 [T1] DEBUG LibraryManager
Load Library - SAP

2024-04-22 11:41:47,743 [T1] DEBUG LibraryManager
Load Library - Web

2024-04-22 11:41:47,743 [T1] DEBUG LibraryManager
Load Library - Win

2024-04-22 11:41:47,744 [T1] DEBUG LibraryManager
Load Library - WorkFlow

2024-04-22 11:41:47,746 [T1] DEBUG LibraryManager
Load built-in script libraries

2024-04-22 11:41:47,816 [T1] INFO  LibraryManager
Load Libraries - Completed.

2024-04-22 11:41:47,821 [T1] INFO  App
Launch Arguments: Total: 6 |  -eid D_20240422_114145_770 -runtype ProcRunner -ppid 5068

2024-04-22 11:41:47,821 [T1] DEBUG Config
Refresh Language Information

2024-04-22 11:41:47,821 [T1] DEBUG LibraryManager
LibraryManager Initialized.

2024-04-22 11:43:42,754 [T6] INFO  JobService
Start Job: P_BuscaPelando (Foreground)
{
  "UsePIP": false,
  "UserID": null,
  "UserPWD": null,
  "IsRunning": false,
  "ResultMessage": null,
  "JobWorkDir": "C:\\Users\\rsouz\\OneDrive\\Documentos\\BuscaPelando\\BuscaPelando\\Histories\\20240422_114342_P_BuscaPelando_Designer_20240422_114325_685",
  "JobLogDir": "C:\\Users\\rsouz\\OneDrive\\Documentos\\BuscaPelando\\BuscaPelando\\Histories\\20240422_114342_P_BuscaPelando_Designer_20240422_114325_685\\Log",
  "JobScreenshotDir": "C:\\Users\\rsouz\\OneDrive\\Documentos\\BuscaPelando\\BuscaPelando\\Histories\\20240422_114342_P_BuscaPelando_Designer_20240422_114325_685\\Log\\Screenshot",
  "TotalProcessStepCount": 0,
  "CurrentStepNo": 0,
  "CurrentStepName": null,
  "StartTime": "2024-04-22 11:43:42",
  "EndTime": null,
  "Data": null,
  "EngineID": "D_20240422_114145_770",
  "EnginePID": 0,
  "EngineRecommededVersion": "",
  "JobId": "Designer_20240422_114325_685",
  "JobType": 1,
  "UserAuthentication": null,
  "ProcessPath": "C:\\Users\\rsouz\\OneDrive\\Documentos\\BuscaPelando\\BuscaPelando\\P_BuscaPelando.proc",
  "ProcessId": "555b061e-b28a-40a4-a60a-8b5af287d0c6",
  "ProcessVer": "",
  "ProcessArgs": null,
  "RequesterType": 3,
  "RequesterId": "designer",
  "RequesterPID": 5068,
  "OptionsJsonString": null,
  "TimeoutSec": 0,
  "State": 0
}

2024-04-22 11:43:42,869 [T11] DEBUG JobService
Waiting library loading...

2024-04-22 11:43:42,871 [T11] DEBUG Config
Reload User Settings

2024-04-22 11:43:42,872 [T11] INFO  Config
UserSettings Reloaded =>
 - LastExecution : Gy/wTf1DBtN4IezrYASGHQcJmjGEz7QEncwyAX6HL4o= -> 3IwDP6jaGk+5rOg9ryzGV6oJdevLY3WN+NBQeWBu3g4=

2024-04-22 11:43:42,872 [T11] INFO  JobService
Config Loading Completed.

2024-04-22 11:43:42,872 [T11] DEBUG JobService
Config Loading Time: 3 ms.

2024-04-22 11:43:42,877 [T11] INFO  JobManager
Create JobManager instance for job P_BuscaPelando(Designer_20240422_114325_685)

2024-04-22 11:43:42,881 [T11] INFO  JobRequest
Job ID : Designer_20240422_114325_685
Project Path  : C:\Users\rsouz\OneDrive\Documentos\BuscaPelando\BuscaPelando\BuscaPelando.proj
Process Name  : P_BuscaPelando
Engine Mode   : Designer
Requester Type: Designer
Requester PID : 5068

2024-04-22 11:43:42,881 [T12] INFO  JobRequest
Start Callback Sender

2024-04-22 11:43:42,881 [T12] DEBUG JobRequest
Step Callback Interval: 500

2024-04-22 11:43:42,919 [T11] DEBUG ProjectManager
Set Project Information

2024-04-22 11:43:42,935 [T11] INFO  PlayOptionManager
PlayOption
- Step Interval : 1
- Disable DrawBounds : False
- Invoke First : False
- Allow Upload of DumpScreen results : False

2024-04-22 11:43:42,936 [T11] INFO  JobRunner
Initialize Script Engine

2024-04-22 11:43:42,946 [TScriptEngine] INFO  JobRequest
##############################################################
### STATE: Initializing
##############################################################


2024-04-22 11:43:42,974 [T12] DEBUG JobRequest
Callback - State: Initializing


2024-04-22 11:43:43,471 [TScriptEngine] INFO  JobRequest
##############################################################
### STATE: Ready
##############################################################


2024-04-22 11:43:43,478 [T11] INFO  JobRunnerHook
HotKey Hook Started

2024-04-22 11:43:43,479 [T11] INFO  JobRequest
##############################################################
### STATE: Starting
##############################################################


2024-04-22 11:43:43,479 [TScriptEngine] INFO  JobRunner
RunProcess start

2024-04-22 11:43:43,481 [TScriptEngine] INFO  JobRequest
##############################################################
### STATE: Running
##############################################################


2024-04-22 11:43:43,481 [TScriptEngine] INFO  JobRequest
Last job life cycle state: Running

2024-04-22 11:43:43,484 [T12] DEBUG JobRequest
Callback - State: Ready


2024-04-22 11:43:43,485 [T12] DEBUG JobRequest
Callback - State: Starting


2024-04-22 11:43:43,485 [T12] DEBUG JobRequest
Callback - State: Running


2024-04-22 11:43:43,571 [TScriptEngine] WARN  ProcessDataValidator
It can be occurred a malfunction to play P_BuscaPelando,
because this system is different from designed system environment.
(OS, Resolution, etc)

2024-04-22 11:43:44,341 [TScriptEngine] DEBUG ScreenCapture
DirectX Screen Capture Initialized.

2024-04-22 11:43:44,411 [TScriptEngine] DEBUG JobRunner
DirectX ScreenCapture Checked.

2024-04-22 11:43:44,433 [TScriptEngine] INFO  JobRequest
##############################################################
### STATE: StartProcess - P_BuscaPelando
##############################################################
555b061e-b28a-40a4-a60a-8b5af287d0c6
P_BuscaPelando


2024-04-22 11:43:44,470 [TScriptEngine] INFO  JobRequest
**************************************************************
*** TASK: P_BuscaPelando
**************************************************************
 - STEP 1: S86f16690686645bc8439a8b2b452cd83 (1/24) - (1/22)
 - [1] ExecuteScript


2024-04-22 11:43:44,529 [TScriptEngine] INFO  JobRequest
 - STEP 2: S4d3ff38410c5455b826d43d87cf49cd8 (2/24) - (2/22)
 - [2] ChromeOpen


2024-04-22 11:43:46,672 [T7] DEBUG ChromeRemoteConnect
GetRemoteBrowserUsingEndPoint Fail : Um ou mais erros.

2024-04-22 11:43:46,698 [T7] DEBUG ChromeCommonExtension
extension default locale empty

2024-04-22 11:43:46,699 [T7] DEBUG ChromeCommonExtension
extension default locale empty

2024-04-22 11:43:46,699 [T7] DEBUG ChromeCommonExtension
extension default locale empty

2024-04-22 11:43:46,700 [T7] DEBUG ChromeCommonExtension
extension default locale empty

2024-04-22 11:43:48,714 [T7] DEBUG ChromeCommonExtension
extension default locale empty

2024-04-22 11:43:48,715 [T7] DEBUG ChromeCommonExtension
extension default locale empty

2024-04-22 11:43:48,716 [T7] DEBUG ChromeCommonExtension
extension default locale empty

2024-04-22 11:43:48,716 [T7] DEBUG ChromeCommonExtension
extension default locale empty

2024-04-22 11:43:50,396 [TScriptEngine] INFO  JobRequest
 - STEP 3: S03561362f69e48408b702ca4b8714b67 (3/24) - (3/22)
 - [3] OpenExcel


2024-04-22 11:43:51,911 [TScriptEngine] INFO  JobRequest
 - STEP 4: S584a8a33bcbf4374b5d2845290c8d9b2 (4/24) - (4/22)
 - [4] GetRowCount


2024-04-22 11:43:52,033 [TScriptEngine] INFO  JobRequest
 - STEP 5: S8b8d108e00ed4c2ba96a9f2ae5f44746 (5/24) - (5/22)
 - [5] For


2024-04-22 11:43:52,048 [TScriptEngine] INFO  JobRequest
 - STEP 6: S81addd046cc34e86adc068f41f9de701 (6/24) - (6/22)
 - [6] ReadString


2024-04-22 11:43:52,123 [TScriptEngine] INFO  JobRequest
 - STEP 7: S6168511069a04932a8552b7ca7518a8e (7/24) - (7/22)
 - [7] ChromeSetText


2024-04-22 11:44:04,765 [TScriptEngine] INFO  JobRequest
 - STEP 8: S1a0ab2948c84411ba5de633436320dca (8/24) - (8/22)
 - [8] ChromeClick


2024-04-22 11:44:04,996 [TScriptEngine] INFO  JobRequest
 - STEP 9: S20620cb234734489b2e4321a3335cb99 (9/24) - (9/22)
 - [9] Delay


2024-04-22 11:44:15,016 [TScriptEngine] INFO  JobRequest
 - STEP 10: Sd154f94205ee4ffe849849fea7680492 (10/24) - (10/22)
 - [10] ChromeClick


2024-04-22 11:44:17,288 [TScriptEngine] INFO  JobRequest
 - STEP 11: S1d6e4894fb7b4b96b373622eece1859e (11/24) - (11/22)
 - [11] ChromeGetData


2024-04-22 11:44:20,453 [TScriptEngine] INFO  JobRequest
 - STEP 12: Se82318a5b08c47289602507ec23ac06d (12/24) - (12/22)
 - [12] WriteString


2024-04-22 11:44:20,640 [TScriptEngine] INFO  JobRequest
 - STEP 13: S8cded2de3e2c4c46995795bc622ea7f9 (13/24) - (13/22)
 - [13] IfThen


2024-04-22 11:44:20,656 [TScriptEngine] INFO  JobRequest
 - STEP 14: S84953ee139654f32a37cb8dba9ba70df (15/24) - (15/22)
 - [15] End-IfThen


2024-04-22 11:44:20,671 [TScriptEngine] INFO  JobRequest
 - STEP 15: S0ca84fa2ee0b41c9b094db9f6241e80b (16/24) - (16/22)
 - [16] ChromeGetData


2024-04-22 11:44:20,809 [TScriptEngine] INFO  JobRequest
 - STEP 16: Sdd21da6ad2fc4f46840b6f5618d74d67 (17/24) - (17/22)
 - [17] WriteString


2024-04-22 11:44:20,870 [TScriptEngine] INFO  JobRequest
 - STEP 17: S2a50bcf2282e46a3af438d325f45b515 (18/24) - (18/22)
 - [18] ChromeClick


2024-04-22 11:44:21,070 [TScriptEngine] INFO  JobRequest
 - STEP 18: Sadffcbc16a994b17b217aa2bc56f5625 (19/24) - (19/22)
 - [19] Delay


2024-04-22 11:44:31,090 [TScriptEngine] INFO  JobRequest
 - STEP 19: S113b1c326c7d46008405113d34b44d67 (22/24) - (20/22)
 - [22] DateTime_AddDays


2024-04-22 11:44:31,137 [TScriptEngine] INFO  JobRequest
 - STEP 20: S53f95751bdb6412192a23e654242cbe8 (23/24) - (21/22)
 - [23] WriteString


2024-04-22 11:44:31,293 [TScriptEngine] INFO  JobRequest
 - STEP 21: S81addd046cc34e86adc068f41f9de701 (6/24) - (21/22)
 - [6] ReadString


2024-04-22 11:44:31,355 [TScriptEngine] INFO  JobRequest
 - STEP 22: S6168511069a04932a8552b7ca7518a8e (7/24) - (21/22)
 - [7] ChromeSetText


2024-04-22 11:44:43,692 [TScriptEngine] INFO  JobRequest
 - STEP 23: S1a0ab2948c84411ba5de633436320dca (8/24) - (21/22)
 - [8] ChromeClick


2024-04-22 11:44:43,878 [TScriptEngine] INFO  JobRequest
 - STEP 24: S20620cb234734489b2e4321a3335cb99 (9/24) - (21/22)
 - [9] Delay


2024-04-22 11:44:53,898 [TScriptEngine] INFO  JobRequest
 - STEP 25: Sd154f94205ee4ffe849849fea7680492 (10/24) - (21/22)
 - [10] ChromeClick


2024-04-22 11:45:06,135 [TScriptEngine] INFO  JobRequest
 - STEP 26: S1d6e4894fb7b4b96b373622eece1859e (11/24) - (21/22)
 - [11] ChromeGetData


2024-04-22 11:45:28,200 [TScriptEngine] DEBUG ChromeFind
Chrome Find Wrapper : The object was not found.
Please re-specify the object.

2024-04-22 11:46:12,357 [TScriptEngine] INFO  JobRunner
Try Pause

2024-04-22 11:46:12,357 [TScriptEngine] INFO  JobRequest
##############################################################
### STATE: Paused
##############################################################


2024-04-22 11:46:12,357 [TScriptEngine] INFO  JobRequest
Last job life cycle state: Paused

2024-04-22 11:46:12,366 [T12] DEBUG JobRequest
Callback - State: Paused


2024-04-22 11:46:36,645 [T32] INFO  JobService
Stop Job

2024-04-22 11:46:36,646 [T32] INFO  JobRunner
Stop Job Runner - Cause: LocalUser / Message: stop by user

2024-04-22 11:46:36,647 [T32] INFO  JobRequest
##############################################################
### STATE: Stopping
##############################################################
stop by user


2024-04-22 11:46:36,649 [T12] DEBUG JobRequest
Callback - State: Stopping
stop by user

2024-04-22 11:46:36,651 [TScriptEngine] DEBUG JobRunner
RunTask Interrupted. TASK: P_BuscaPelando => Script execution interrupted by host

2024-04-22 11:46:36,669 [TScriptEngine] DEBUG JobManager
Set Result State: Stopped

2024-04-22 11:46:36,671 [TScriptEngine] INFO  JobRunner
Make report.

2024-04-22 11:46:36,696 [TScriptEngine] INFO  JobRunner
Start to clean up resources.

2024-04-22 11:46:36,696 [TScriptEngine] DEBUG JobRunner
OnProcessCompleted

2024-04-22 11:46:36,697 [T37] DEBUG JobRunner
Start timer for checking the job to be completed.

2024-04-22 11:46:36,700 [TScriptEngine] DEBUG ExcelBase
DisposeExcel

2024-04-22 11:46:36,736 [TScriptEngine] INFO  JobRunner
Start to clean up resources.

2024-04-22 11:46:36,736 [TScriptEngine] DEBUG JobRunner
Remove all Process Stack: 1

2024-04-22 11:46:36,738 [TScriptEngine] INFO  JobRequest
##############################################################
### STATE: EndProcess - P_BuscaPelando
##############################################################
555b061e-b28a-40a4-a60a-8b5af287d0c6
P_BuscaPelando


2024-04-22 11:46:36,739 [TScriptEngine] DEBUG JobRunner
Remove all libraries

2024-04-22 11:46:36,740 [TScriptEngine] DEBUG NetPlayer
WebPlayer OnDispose

2024-04-22 11:46:36,741 [TScriptEngine] DEBUG WebPlayer
WebPlayer OnDispose : Do Nothing

2024-04-22 11:46:36,743 [TScriptEngine] DEBUG UiaAppHelper
WinHelper DisposeAppList Count: 0

2024-04-22 11:46:36,743 [TScriptEngine] INFO  JobRunner
All Resources Clear

2024-04-22 11:46:36,743 [TScriptEngine] DEBUG JobRunner
OnCompleted

2024-04-22 11:46:36,744 [TScriptEngine] DEBUG JobRunner
SendJobResult: Stopped

2024-04-22 11:46:36,744 [TScriptEngine] INFO  JobRequest
##############################################################
### STATE: Stopped
##############################################################
Process: P_BuscaPelando
Step: ChromeGetData (11/24)

Stopped by User


2024-04-22 11:46:36,744 [TScriptEngine] INFO  JobRequest
Last job life cycle state: Stopped

2024-04-22 11:46:36,749 [TScriptEngine] INFO  JobRequest
##############################################################
### JOB COMPLETED
##############################################################


2024-04-22 11:46:36,759 [T12] DEBUG JobRequest
Callback - State: Stopped
Process: P_BuscaPelando
Step: ChromeGetData (11/24)

Stopped by User

2024-04-22 11:46:36,760 [T12] INFO  JobRequest
Callback - EngineClosed

2024-04-22 11:46:36,760 [T12] INFO  JobService
Disconnect agent service

2024-04-22 11:46:36,772 [T12] DEBUG JobRequest
End of Callback Sender

2024-04-22 11:46:36,774 [TScriptEngine] INFO  JobRunner
RunProcess end

2024-04-22 11:46:36,774 [T1] INFO  JobService
Exit - Shutdown Engine BOT

