2024-04-17 09:29:24,120 [T1] INFO  EngineStarter
BOT Engine Start - v3.1.000.01101
BOT ID: D_20240417_092923_570
BOT PID: 10736
BOT PPID: 10176
BOT Working Directory: C:\Users\rsmenezes1\AppData\Roaming\Brity RPA Designer

2024-04-17 09:29:24,131 [T1] INFO  EngineStarter
System Language: pt-BR
Resolution: 3840 x 1080

2024-04-17 09:29:24,302 [T1] INFO  Config
Initialize Config

2024-04-17 09:29:24,325 [T1] DEBUG Config
Config Loaded

2024-04-17 09:29:24,326 [T1] DEBUG Config
Backup config file.

2024-04-17 09:29:24,337 [T1] INFO  Config
Orchestrator Service => https://orch.sdsbrity.com:8777

2024-04-17 09:29:24,339 [T1] INFO  Config
Initialize Resource Config

2024-04-17 09:29:24,356 [T1] DEBUG Config
Refresh Language Information

2024-04-17 09:29:24,413 [T1] INFO  Config
All Config Initialized.

2024-04-17 09:29:24,414 [T1] DEBUG KeyManager
Initialize KeyManager

2024-04-17 09:29:24,417 [T1] DEBUG KeyManager
Device ID is initialized.

2024-04-17 09:29:24,438 [T1] INFO  CertLicenseClient
Initialize certificate.

2024-04-17 09:29:24,442 [T1] DEBUG CertLicenseClient
Set Security Protocol: Tls12

2024-04-17 09:29:24,465 [T4] DEBUG JobService
Connect to agent service

2024-04-17 09:29:24,470 [T1] DEBUG ApplicationInitializer
InitMode: Thread

2024-04-17 09:29:24,474 [T1] INFO  LibraryManager
Load Libraries - Started

2024-04-17 09:29:24,480 [T1] DEBUG AddInLoader
Load Assembly : IPA.Lib.Chrome

2024-04-17 09:29:24,568 [T4] DEBUG JobService
JobService URL : net.tcp://127.0.0.1:59001/rpa/agent

2024-04-17 09:29:24,569 [T4] DEBUG JobService
Open connection

2024-04-17 09:29:24,646 [T1] DEBUG AddInLoader
Load Assembly : IPA.Lib.Desktop

2024-04-17 09:29:24,767 [T4] DEBUG JobService
Register engine to agent

2024-04-17 09:29:24,772 [T1] DEBUG AddInLoader
Load Assembly : IPA.Lib.Excel

2024-04-17 09:29:24,881 [T1] DEBUG AddInLoader
Load Assembly : IPA.Lib.Flow

2024-04-17 09:29:24,931 [T4] DEBUG JobService
Engine is connected to agent service.

2024-04-17 09:29:24,931 [T4] DEBUG JobService
Owner Process PID: 10176

2024-04-17 09:29:24,936 [T4] INFO  JobService
Start monitoring owner process is terminated.

2024-04-17 09:29:24,968 [T1] DEBUG AddInLoader
Load Assembly : IPA.Lib.IE

2024-04-17 09:29:25,044 [T1] DEBUG AddInLoader
Load Assembly : IPA.Lib.ImageConverter

2024-04-17 09:29:25,065 [T6] INFO  JobService
Start Job: P_BuscaPelando (Foreground)
{
  "UsePIP": false,
  "UserID": null,
  "UserPWD": null,
  "IsRunning": false,
  "ResultMessage": null,
  "JobWorkDir": "C:\\Users\\rsmenezes1\\Documents\\Brity RPA Projects\\BuscaPelando\\Histories\\20240417_092923_P_BuscaPelando_Designer_20240417_092920_686",
  "JobLogDir": "C:\\Users\\rsmenezes1\\Documents\\Brity RPA Projects\\BuscaPelando\\Histories\\20240417_092923_P_BuscaPelando_Designer_20240417_092920_686\\Log",
  "JobScreenshotDir": "C:\\Users\\rsmenezes1\\Documents\\Brity RPA Projects\\BuscaPelando\\Histories\\20240417_092923_P_BuscaPelando_Designer_20240417_092920_686\\Log\\Screenshot",
  "TotalProcessStepCount": 0,
  "CurrentStepNo": 0,
  "CurrentStepName": null,
  "StartTime": "2024-04-17 09:29:23",
  "EndTime": null,
  "Data": null,
  "EngineID": "D_20240417_092923_570",
  "EnginePID": 0,
  "EngineRecommededVersion": "",
  "JobId": "Designer_20240417_092920_686",
  "JobType": 1,
  "UserAuthentication": null,
  "ProcessPath": "C:\\Users\\rsmenezes1\\Documents\\Brity RPA Projects\\BuscaPelando\\P_BuscaPelando.proc",
  "ProcessId": "555b061e-b28a-40a4-a60a-8b5af287d0c6",
  "ProcessVer": "",
  "ProcessArgs": null,
  "RequesterType": 3,
  "RequesterId": "designer",
  "RequesterPID": 10176,
  "OptionsJsonString": null,
  "TimeoutSec": 0,
  "State": 0
}

2024-04-17 09:29:25,100 [T1] DEBUG AddInLoader
Load Assembly : IPA.Lib.ImageRecognition

2024-04-17 09:29:25,200 [T5] DEBUG JobService
Waiting library loading...

2024-04-17 09:29:25,249 [T1] DEBUG AddInLoader
Load Assembly : IPA.Lib.MicrosoftOCR

2024-04-17 09:29:25,298 [T1] DEBUG AddInLoader
Load Assembly : IPA.Lib.Net

2024-04-17 09:29:25,365 [T1] DEBUG AddInLoader
Load Assembly : IPA.Lib.Orchestra

2024-04-17 09:29:25,417 [T1] DEBUG AddInLoader
Load Assembly : IPA.Lib.ProcessFlow

2024-04-17 09:29:25,480 [T1] DEBUG AddInLoader
Load Assembly : IPA.Lib.SAP

2024-04-17 09:29:25,549 [T1] DEBUG AddInLoader
Load Assembly : IPA.Lib.Web

2024-04-17 09:29:25,626 [T1] DEBUG AddInLoader
Load Assembly : IPA.Lib.Win

2024-04-17 09:29:25,714 [T1] INFO  ScreenCapture
Default Screen Capture Bounds: -1920;0;3840;1080

2024-04-17 09:29:25,737 [T1] DEBUG AddInLoader
Load Assembly : BrityRPA.AddIn.NativeApp

2024-04-17 09:29:25,798 [T1] DEBUG AddInLoader
Load Assembly : BrityWorks.AddIn.Outlook

2024-04-17 09:29:25,854 [T1] DEBUG AddInLoader
Load Assembly : BrityWorks.AddIn.Pdf

2024-04-17 09:29:25,897 [T1] DEBUG LibraryManager
Load Library - Chrome

2024-04-17 09:29:25,898 [T1] DEBUG LibraryManager
Load Library - Desktop

2024-04-17 09:29:25,898 [T1] DEBUG LibraryManager
Load Library - Excel

2024-04-17 09:29:25,900 [T1] DEBUG LibraryManager
Load Library - Flow

2024-04-17 09:29:25,900 [T1] DEBUG LibraryManager
Load Library - IE

2024-04-17 09:29:25,900 [T1] DEBUG LibraryManager
Load Library - ImageConverter

2024-04-17 09:29:25,901 [T1] DEBUG LibraryManager
Load Library - ImageRecognition

2024-04-17 09:29:25,901 [T1] DEBUG LibraryManager
Load Library - MicrosoftOCR

2024-04-17 09:29:25,902 [T1] DEBUG LibraryManager
Load Library - NativeApp

2024-04-17 09:29:25,903 [T1] DEBUG LibraryManager
Load Library - Net

2024-04-17 09:29:25,903 [T1] DEBUG LibraryManager
Load Library - Orchestra

2024-04-17 09:29:25,904 [T1] DEBUG LibraryManager
Load Library - Outlook

2024-04-17 09:29:25,904 [T1] DEBUG LibraryManager
Load Library - Pdf

2024-04-17 09:29:25,904 [T1] DEBUG LibraryManager
Load Library - SAP

2024-04-17 09:29:25,904 [T1] DEBUG LibraryManager
Load Library - Web

2024-04-17 09:29:25,905 [T1] DEBUG LibraryManager
Load Library - Win

2024-04-17 09:29:25,905 [T1] DEBUG LibraryManager
Load Library - WorkFlow

2024-04-17 09:29:25,908 [T1] DEBUG LibraryManager
Load built-in script libraries

2024-04-17 09:29:25,990 [T1] INFO  LibraryManager
Load Libraries - Completed.

2024-04-17 09:29:25,994 [T1] INFO  App
Launch Arguments: Total: 6 |  -eid D_20240417_092923_570 -runtype ProcRunner -ppid 10176

2024-04-17 09:29:25,994 [T1] DEBUG Config
Refresh Language Information

2024-04-17 09:29:25,995 [T1] DEBUG LibraryManager
LibraryManager Initialized.

2024-04-17 09:29:26,010 [T5] DEBUG Config
Reload User Settings

2024-04-17 09:29:26,011 [T5] INFO  JobService
Config Loading Completed.

2024-04-17 09:29:26,011 [T5] DEBUG JobService
Config Loading Time: 811 ms.

2024-04-17 09:29:26,016 [T5] INFO  JobManager
Create JobManager instance for job P_BuscaPelando(Designer_20240417_092920_686)

2024-04-17 09:29:26,020 [T5] INFO  JobRequest
Job ID : Designer_20240417_092920_686
Project Path  : C:\Users\rsmenezes1\Documents\Brity RPA Projects\BuscaPelando\BuscaPelando.proj
Process Name  : P_BuscaPelando
Engine Mode   : Designer
Requester Type: Designer
Requester PID : 10176

2024-04-17 09:29:26,020 [T9] INFO  JobRequest
Start Callback Sender

2024-04-17 09:29:26,021 [T9] DEBUG JobRequest
Step Callback Interval: 500

2024-04-17 09:29:26,050 [T5] DEBUG ProjectManager
Set Project Information

2024-04-17 09:29:26,066 [T5] INFO  PlayOptionManager
PlayOption
- Step Interval : 1
- Disable DrawBounds : False
- Invoke First : False
- Allow Upload of DumpScreen results : False

2024-04-17 09:29:26,067 [T5] INFO  JobRunner
Initialize Script Engine

2024-04-17 09:29:26,078 [TScriptEngine] INFO  JobRequest
##############################################################
### STATE: Initializing
##############################################################


2024-04-17 09:29:26,103 [T9] DEBUG JobRequest
Callback - State: Initializing


2024-04-17 09:29:26,663 [TScriptEngine] INFO  JobRequest
##############################################################
### STATE: Ready
##############################################################


2024-04-17 09:29:26,672 [T5] INFO  JobRunnerHook
HotKey Hook Started

2024-04-17 09:29:26,672 [T5] INFO  JobRequest
##############################################################
### STATE: Starting
##############################################################


2024-04-17 09:29:26,673 [TScriptEngine] INFO  JobRunner
RunProcess start

2024-04-17 09:29:26,674 [TScriptEngine] INFO  JobRequest
##############################################################
### STATE: Running
##############################################################


2024-04-17 09:29:26,674 [TScriptEngine] INFO  JobRequest
Last job life cycle state: Running

2024-04-17 09:29:26,679 [T9] DEBUG JobRequest
Callback - State: Ready


2024-04-17 09:29:26,679 [T9] DEBUG JobRequest
Callback - State: Starting


2024-04-17 09:29:26,694 [T9] DEBUG JobRequest
Callback - State: Running


2024-04-17 09:29:27,745 [TScriptEngine] DEBUG ScreenCapture
DirectX Screen Capture Initialized.

2024-04-17 09:29:27,880 [TScriptEngine] DEBUG JobRunner
DirectX ScreenCapture Checked.

2024-04-17 09:29:27,896 [TScriptEngine] INFO  JobRequest
##############################################################
### STATE: StartProcess - P_BuscaPelando
##############################################################
555b061e-b28a-40a4-a60a-8b5af287d0c6
P_BuscaPelando


2024-04-17 09:29:27,938 [TScriptEngine] INFO  JobRequest
**************************************************************
*** TASK: P_BuscaPelando
**************************************************************
 - STEP 1: S86f16690686645bc8439a8b2b452cd83 (1/13) - (1/13)
 - [1] ExecuteScript


2024-04-17 09:29:37,965 [TScriptEngine] INFO  JobRunner
Try Pause

2024-04-17 09:29:37,965 [TScriptEngine] INFO  JobRequest
##############################################################
### STATE: Paused
##############################################################


2024-04-17 09:29:37,965 [TScriptEngine] INFO  JobRequest
Last job life cycle state: Paused

2024-04-17 09:29:37,983 [T9] DEBUG JobRequest
Callback - State: Paused


2024-04-17 09:30:45,979 [T6] INFO  JobService
Stop Job

2024-04-17 09:30:45,979 [T6] INFO  JobRunner
Stop Job Runner - Cause: LocalUser / Message: stop by user

2024-04-17 09:30:45,979 [T6] INFO  JobRequest
##############################################################
### STATE: Stopping
##############################################################
stop by user


2024-04-17 09:30:45,985 [TScriptEngine] FINE  JobRunner
RunTask ExceptionOccured. TASK: P_BuscaPelando => TypeError: Cannot read property 'includes' of undefined

2024-04-17 09:30:45,990 [T9] DEBUG JobRequest
Callback - State: Stopping
stop by user

2024-04-17 09:30:45,995 [TScriptEngine] INFO  JobRequest
##############################################################
### STATE: EndProcess - P_BuscaPelando
##############################################################
555b061e-b28a-40a4-a60a-8b5af287d0c6
P_BuscaPelando


2024-04-17 09:30:46,008 [TScriptEngine] DEBUG JobManager
Set Result State: Stopped

2024-04-17 09:30:46,009 [TScriptEngine] INFO  JobRunner
Make report.

2024-04-17 09:30:46,051 [TScriptEngine] INFO  JobRunner
Start to clean up resources.

2024-04-17 09:30:46,051 [TScriptEngine] DEBUG JobRunner
OnProcessCompleted

2024-04-17 09:30:46,051 [T18] DEBUG JobRunner
Start timer for checking the job to be completed.

2024-04-17 09:30:46,052 [TScriptEngine] INFO  JobRunner
Start to clean up resources.

2024-04-17 09:30:46,053 [TScriptEngine] DEBUG JobRunner
Remove all libraries

2024-04-17 09:30:46,062 [TScriptEngine] DEBUG NetPlayer
WebPlayer OnDispose

2024-04-17 09:30:46,063 [TScriptEngine] DEBUG WebPlayer
WebPlayer OnDispose : Do Nothing

2024-04-17 09:30:46,065 [TScriptEngine] DEBUG UiaAppHelper
WinHelper DisposeAppList Count: 0

2024-04-17 09:30:46,065 [TScriptEngine] INFO  JobRunner
All Resources Clear

2024-04-17 09:30:46,066 [TScriptEngine] DEBUG JobRunner
OnCompleted

2024-04-17 09:30:46,066 [TScriptEngine] DEBUG JobRunner
SendJobResult: Stopped

2024-04-17 09:30:46,066 [TScriptEngine] INFO  JobRequest
##############################################################
### STATE: Stopped
##############################################################
Process: P_BuscaPelando

Process: P_BuscaPelando
Step: ExecuteScript (1/13)
TypeError: Cannot read property 'includes' of undefined


2024-04-17 09:30:46,066 [TScriptEngine] INFO  JobRequest
Last job life cycle state: Stopped

2024-04-17 09:30:46,066 [TScriptEngine] INFO  JobRequest
Update skipped current step informations.

2024-04-17 09:30:46,113 [TScriptEngine] INFO  JobRequest
##############################################################
### JOB COMPLETED
##############################################################


2024-04-17 09:30:46,113 [T9] DEBUG JobRequest
Callback - State: Stopped
Process: P_BuscaPelando

Process: P_BuscaPelando
Step: ExecuteScript (1/13)
TypeError: Cannot read property 'includes' of undefined

2024-04-17 09:30:46,113 [T9] INFO  JobRequest
Callback - EngineClosed

2024-04-17 09:30:46,114 [T9] INFO  JobService
Disconnect agent service

2024-04-17 09:30:46,129 [TScriptEngine] INFO  JobRunner
RunProcess end

2024-04-17 09:30:46,129 [T1] INFO  JobService
Exit - Shutdown Engine BOT

2024-04-17 09:30:46,132 [T9] DEBUG JobRequest
End of Callback Sender

