2024-04-22 11:56:30,113 [T1] INFO  EngineStarter
BOT Engine Start - v3.1.000.01101
BOT ID: D_20240422_115629_648
BOT PID: 9580
BOT PPID: 5068
BOT Working Directory: C:\Users\rsouz\AppData\Roaming\Brity RPA Designer

2024-04-22 11:56:30,124 [T1] INFO  EngineStarter
System Language: pt-BR
Resolution: 1920 x 1080

2024-04-22 11:56:30,265 [T1] INFO  Config
Initialize Config

2024-04-22 11:56:30,287 [T1] DEBUG Config
Config Loaded

2024-04-22 11:56:30,288 [T1] DEBUG Config
Backup config file.

2024-04-22 11:56:30,293 [T1] INFO  Config
Orchestrator Service => https://orch.sdsbrity.com:8777

2024-04-22 11:56:30,295 [T1] INFO  Config
Initialize Resource Config

2024-04-22 11:56:30,313 [T1] DEBUG Config
Refresh Language Information

2024-04-22 11:56:30,364 [T1] INFO  Config
All Config Initialized.

2024-04-22 11:56:30,366 [T1] DEBUG KeyManager
Initialize KeyManager

2024-04-22 11:56:30,370 [T1] DEBUG KeyManager
Device ID is initialized.

2024-04-22 11:56:30,392 [T1] INFO  CertLicenseClient
Initialize certificate.

2024-04-22 11:56:30,395 [T1] DEBUG CertLicenseClient
Set Security Protocol: Tls12

2024-04-22 11:56:30,413 [T5] DEBUG JobService
Connect to agent service

2024-04-22 11:56:30,419 [T1] DEBUG ApplicationInitializer
InitMode: Thread

2024-04-22 11:56:30,422 [T1] INFO  LibraryManager
Load Libraries - Started

2024-04-22 11:56:30,428 [T1] DEBUG AddInLoader
Load Assembly : IPA.Lib.Chrome

2024-04-22 11:56:30,511 [T5] DEBUG JobService
JobService URL : net.tcp://127.0.0.1:59001/rpa/agent

2024-04-22 11:56:30,512 [T5] DEBUG JobService
Open connection

2024-04-22 11:56:30,609 [T1] DEBUG AddInLoader
Load Assembly : IPA.Lib.Desktop

2024-04-22 11:56:30,682 [T5] DEBUG JobService
Register engine to agent

2024-04-22 11:56:30,711 [T1] DEBUG AddInLoader
Load Assembly : IPA.Lib.Excel

2024-04-22 11:56:30,759 [T5] DEBUG JobService
Engine is connected to agent service.

2024-04-22 11:56:30,760 [T5] DEBUG JobService
Owner Process PID: 5068

2024-04-22 11:56:30,770 [T5] INFO  JobService
Start monitoring owner process is terminated.

2024-04-22 11:56:30,811 [T1] DEBUG AddInLoader
Load Assembly : IPA.Lib.Flow

2024-04-22 11:56:30,881 [T1] DEBUG AddInLoader
Load Assembly : IPA.Lib.IE

2024-04-22 11:56:30,933 [T1] DEBUG AddInLoader
Load Assembly : IPA.Lib.ImageConverter

2024-04-22 11:56:30,986 [T1] DEBUG AddInLoader
Load Assembly : IPA.Lib.ImageRecognition

2024-04-22 11:56:31,102 [T1] DEBUG AddInLoader
Load Assembly : IPA.Lib.MicrosoftOCR

2024-04-22 11:56:31,137 [T1] DEBUG AddInLoader
Load Assembly : IPA.Lib.Net

2024-04-22 11:56:31,183 [T1] DEBUG AddInLoader
Load Assembly : IPA.Lib.Orchestra

2024-04-22 11:56:31,227 [T1] DEBUG AddInLoader
Load Assembly : IPA.Lib.ProcessFlow

2024-04-22 11:56:31,275 [T1] DEBUG AddInLoader
Load Assembly : IPA.Lib.SAP

2024-04-22 11:56:31,332 [T1] DEBUG AddInLoader
Load Assembly : IPA.Lib.Web

2024-04-22 11:56:31,393 [T1] DEBUG AddInLoader
Load Assembly : IPA.Lib.Win

2024-04-22 11:56:31,465 [T1] INFO  ScreenCapture
Default Screen Capture Bounds: 0;0;1920;1080

2024-04-22 11:56:31,485 [T1] DEBUG AddInLoader
Load Assembly : BrityRPA.AddIn.NativeApp

2024-04-22 11:56:31,548 [T1] DEBUG AddInLoader
Load Assembly : BrityWorks.AddIn.Outlook

2024-04-22 11:56:31,589 [T1] DEBUG AddInLoader
Load Assembly : BrityWorks.AddIn.Pdf

2024-04-22 11:56:31,630 [T1] DEBUG LibraryManager
Load Library - Chrome

2024-04-22 11:56:31,632 [T1] DEBUG LibraryManager
Load Library - Desktop

2024-04-22 11:56:31,632 [T1] DEBUG LibraryManager
Load Library - Excel

2024-04-22 11:56:31,633 [T1] DEBUG LibraryManager
Load Library - Flow

2024-04-22 11:56:31,633 [T1] DEBUG LibraryManager
Load Library - IE

2024-04-22 11:56:31,633 [T1] DEBUG LibraryManager
Load Library - ImageConverter

2024-04-22 11:56:31,634 [T1] DEBUG LibraryManager
Load Library - ImageRecognition

2024-04-22 11:56:31,634 [T1] DEBUG LibraryManager
Load Library - MicrosoftOCR

2024-04-22 11:56:31,635 [T1] DEBUG LibraryManager
Load Library - NativeApp

2024-04-22 11:56:31,636 [T1] DEBUG LibraryManager
Load Library - Net

2024-04-22 11:56:31,636 [T1] DEBUG LibraryManager
Load Library - Orchestra

2024-04-22 11:56:31,637 [T1] DEBUG LibraryManager
Load Library - Outlook

2024-04-22 11:56:31,637 [T1] DEBUG LibraryManager
Load Library - Pdf

2024-04-22 11:56:31,637 [T1] DEBUG LibraryManager
Load Library - SAP

2024-04-22 11:56:31,637 [T1] DEBUG LibraryManager
Load Library - Web

2024-04-22 11:56:31,638 [T1] DEBUG LibraryManager
Load Library - Win

2024-04-22 11:56:31,638 [T1] DEBUG LibraryManager
Load Library - WorkFlow

2024-04-22 11:56:31,641 [T1] DEBUG LibraryManager
Load built-in script libraries

2024-04-22 11:56:31,715 [T1] INFO  LibraryManager
Load Libraries - Completed.

2024-04-22 11:56:31,720 [T1] INFO  App
Launch Arguments: Total: 6 |  -eid D_20240422_115629_648 -runtype ProcRunner -ppid 5068

2024-04-22 11:56:31,721 [T1] DEBUG Config
Refresh Language Information

2024-04-22 11:56:31,721 [T1] DEBUG LibraryManager
LibraryManager Initialized.

2024-04-22 11:58:40,486 [T6] INFO  JobService
Start Job: P_BuscaPelando (Foreground)
{
  "UsePIP": false,
  "UserID": null,
  "UserPWD": null,
  "IsRunning": false,
  "ResultMessage": null,
  "JobWorkDir": "C:\\Users\\rsouz\\OneDrive\\Documentos\\BuscaPelando\\BuscaPelando\\Histories\\20240422_115840_P_BuscaPelando_Designer_20240422_115837_217",
  "JobLogDir": "C:\\Users\\rsouz\\OneDrive\\Documentos\\BuscaPelando\\BuscaPelando\\Histories\\20240422_115840_P_BuscaPelando_Designer_20240422_115837_217\\Log",
  "JobScreenshotDir": "C:\\Users\\rsouz\\OneDrive\\Documentos\\BuscaPelando\\BuscaPelando\\Histories\\20240422_115840_P_BuscaPelando_Designer_20240422_115837_217\\Log\\Screenshot",
  "TotalProcessStepCount": 0,
  "CurrentStepNo": 0,
  "CurrentStepName": null,
  "StartTime": "2024-04-22 11:58:40",
  "EndTime": null,
  "Data": null,
  "EngineID": "D_20240422_115629_648",
  "EnginePID": 0,
  "EngineRecommededVersion": "",
  "JobId": "Designer_20240422_115837_217",
  "JobType": 1,
  "UserAuthentication": null,
  "ProcessPath": "C:\\Users\\rsouz\\OneDrive\\Documentos\\BuscaPelando\\BuscaPelando\\P_BuscaPelando.proc",
  "ProcessId": "555b061e-b28a-40a4-a60a-8b5af287d0c6",
  "ProcessVer": "",
  "ProcessArgs": null,
  "RequesterType": 3,
  "RequesterId": "designer",
  "RequesterPID": 5068,
  "OptionsJsonString": null,
  "TimeoutSec": 0,
  "State": 0
}

2024-04-22 11:58:40,600 [T13] DEBUG JobService
Waiting library loading...

2024-04-22 11:58:40,601 [T13] DEBUG Config
Reload User Settings

2024-04-22 11:58:40,602 [T13] INFO  Config
UserSettings Reloaded =>
 - LastExecution : 0jJHzJPqcz1Bvn6s0tZaF6jHShuaoEKVpXKM+L5FGN4= -> H2T4/EoNCchkndASAnGHLlMegRqwGTixVSjtL28BeT4=

2024-04-22 11:58:40,602 [T13] INFO  JobService
Config Loading Completed.

2024-04-22 11:58:40,602 [T13] DEBUG JobService
Config Loading Time: 1 ms.

2024-04-22 11:58:40,607 [T13] INFO  JobManager
Create JobManager instance for job P_BuscaPelando(Designer_20240422_115837_217)

2024-04-22 11:58:40,611 [T13] INFO  JobRequest
Job ID : Designer_20240422_115837_217
Project Path  : C:\Users\rsouz\OneDrive\Documentos\BuscaPelando\BuscaPelando\BuscaPelando.proj
Process Name  : P_BuscaPelando
Engine Mode   : Designer
Requester Type: Designer
Requester PID : 5068

2024-04-22 11:58:40,612 [T11] INFO  JobRequest
Start Callback Sender

2024-04-22 11:58:40,612 [T11] DEBUG JobRequest
Step Callback Interval: 500

2024-04-22 11:58:40,641 [T13] DEBUG ProjectManager
Set Project Information

2024-04-22 11:58:40,659 [T13] INFO  PlayOptionManager
PlayOption
- Step Interval : 1
- Disable DrawBounds : False
- Invoke First : False
- Allow Upload of DumpScreen results : False

2024-04-22 11:58:40,659 [T13] INFO  JobRunner
Initialize Script Engine

2024-04-22 11:58:40,669 [TScriptEngine] INFO  JobRequest
##############################################################
### STATE: Initializing
##############################################################


2024-04-22 11:58:40,703 [T11] DEBUG JobRequest
Callback - State: Initializing


2024-04-22 11:58:41,209 [TScriptEngine] INFO  JobRequest
##############################################################
### STATE: Ready
##############################################################


2024-04-22 11:58:41,210 [T11] DEBUG JobRequest
Callback - State: Ready


2024-04-22 11:58:41,216 [T13] INFO  JobRunnerHook
HotKey Hook Started

2024-04-22 11:58:41,216 [T13] INFO  JobRequest
##############################################################
### STATE: Starting
##############################################################


2024-04-22 11:58:41,217 [TScriptEngine] INFO  JobRunner
RunProcess start

2024-04-22 11:58:41,218 [TScriptEngine] INFO  JobRequest
##############################################################
### STATE: Running
##############################################################


2024-04-22 11:58:41,218 [TScriptEngine] INFO  JobRequest
Last job life cycle state: Running

2024-04-22 11:58:41,225 [T11] DEBUG JobRequest
Callback - State: Starting


2024-04-22 11:58:41,225 [T11] DEBUG JobRequest
Callback - State: Running


2024-04-22 11:58:41,314 [TScriptEngine] WARN  ProcessDataValidator
It can be occurred a malfunction to play P_BuscaPelando,
because this system is different from designed system environment.
(OS, Resolution, etc)

2024-04-22 11:58:42,074 [TScriptEngine] DEBUG ScreenCapture
DirectX Screen Capture Initialized.

2024-04-22 11:58:42,132 [TScriptEngine] DEBUG JobRunner
DirectX ScreenCapture Checked.

2024-04-22 11:58:42,155 [TScriptEngine] INFO  JobRequest
##############################################################
### STATE: StartProcess - P_BuscaPelando
##############################################################
555b061e-b28a-40a4-a60a-8b5af287d0c6
P_BuscaPelando


2024-04-22 11:58:42,195 [TScriptEngine] INFO  JobRequest
**************************************************************
*** TASK: P_BuscaPelando
**************************************************************
 - STEP 1: S86f16690686645bc8439a8b2b452cd83 (1/25) - (1/23)
 - [1] ExecuteScript


2024-04-22 11:58:42,251 [TScriptEngine] INFO  JobRequest
 - STEP 2: S4d3ff38410c5455b826d43d87cf49cd8 (2/25) - (2/23)
 - [2] ChromeOpen


2024-04-22 11:58:44,399 [T12] DEBUG ChromeRemoteConnect
GetRemoteBrowserUsingEndPoint Fail : Um ou mais erros.

2024-04-22 11:58:44,432 [T12] DEBUG ChromeCommonExtension
extension default locale empty

2024-04-22 11:58:44,445 [T12] DEBUG ChromeCommonExtension
extension default locale empty

2024-04-22 11:58:44,446 [T12] DEBUG ChromeCommonExtension
extension default locale empty

2024-04-22 11:58:44,446 [T12] DEBUG ChromeCommonExtension
extension default locale empty

2024-04-22 11:58:46,511 [T12] DEBUG ChromeCommonExtension
extension default locale empty

2024-04-22 11:58:46,512 [T12] DEBUG ChromeCommonExtension
extension default locale empty

2024-04-22 11:58:46,513 [T12] DEBUG ChromeCommonExtension
extension default locale empty

2024-04-22 11:58:46,513 [T12] DEBUG ChromeCommonExtension
extension default locale empty

2024-04-22 11:58:48,296 [TScriptEngine] INFO  JobRequest
 - STEP 3: S03561362f69e48408b702ca4b8714b67 (3/25) - (3/23)
 - [3] OpenExcel


2024-04-22 11:58:49,807 [TScriptEngine] INFO  JobRequest
 - STEP 4: S584a8a33bcbf4374b5d2845290c8d9b2 (4/25) - (4/23)
 - [4] GetRowCount


2024-04-22 11:58:49,931 [TScriptEngine] INFO  JobRequest
 - STEP 5: S8b8d108e00ed4c2ba96a9f2ae5f44746 (5/25) - (5/23)
 - [5] For


2024-04-22 11:58:49,946 [TScriptEngine] INFO  JobRequest
 - STEP 6: S81addd046cc34e86adc068f41f9de701 (6/25) - (6/23)
 - [6] ReadString


2024-04-22 11:58:50,036 [TScriptEngine] INFO  JobRequest
 - STEP 7: S6168511069a04932a8552b7ca7518a8e (7/25) - (7/23)
 - [7] ChromeSetText


2024-04-22 11:59:02,661 [TScriptEngine] INFO  JobRequest
 - STEP 8: S1a0ab2948c84411ba5de633436320dca (8/25) - (8/23)
 - [8] ChromeClick


2024-04-22 11:59:02,875 [TScriptEngine] INFO  JobRequest
 - STEP 9: S20620cb234734489b2e4321a3335cb99 (9/25) - (9/23)
 - [9] Delay


2024-04-22 11:59:12,906 [TScriptEngine] INFO  JobRequest
 - STEP 10: Sd154f94205ee4ffe849849fea7680492 (10/25) - (10/23)
 - [10] ChromeClick


2024-04-22 11:59:13,654 [TScriptEngine] INFO  JobRequest
 - STEP 11: S1d6e4894fb7b4b96b373622eece1859e (11/25) - (11/23)
 - [11] ChromeGetData


2024-04-22 11:59:16,825 [TScriptEngine] INFO  JobRequest
 - STEP 12: S8ee7d528e5e34392a06123c70f954243 (12/25) - (12/23)
 - [12] IfElse


2024-04-22 11:59:16,841 [TScriptEngine] INFO  JobRequest
 - STEP 13: S66f5af37684547df95266d11a70ce379 (14/25) - (14/23)
 - [14] Else


2024-04-22 11:59:16,857 [TScriptEngine] INFO  JobRequest
 - STEP 14: S442d476a259d4ca49f526cafcdcb19bc (15/25) - (15/23)
 - [15] Continue


2024-04-22 11:59:16,873 [TScriptEngine] INFO  JobRequest
 - STEP 15: S81addd046cc34e86adc068f41f9de701 (6/25) - (15/23)
 - [6] ReadString


2024-04-22 11:59:16,935 [TScriptEngine] INFO  JobRequest
 - STEP 16: S6168511069a04932a8552b7ca7518a8e (7/25) - (15/23)
 - [7] ChromeSetText


2024-04-22 11:59:29,191 [TScriptEngine] INFO  JobRequest
 - STEP 17: S1a0ab2948c84411ba5de633436320dca (8/25) - (15/23)
 - [8] ChromeClick


2024-04-22 11:59:29,378 [TScriptEngine] INFO  JobRequest
 - STEP 18: S20620cb234734489b2e4321a3335cb99 (9/25) - (15/23)
 - [9] Delay


2024-04-22 11:59:39,409 [TScriptEngine] INFO  JobRequest
 - STEP 19: Sd154f94205ee4ffe849849fea7680492 (10/25) - (15/23)
 - [10] ChromeClick


2024-04-22 11:59:52,324 [TScriptEngine] INFO  JobRequest
 - STEP 20: S1d6e4894fb7b4b96b373622eece1859e (11/25) - (15/23)
 - [11] ChromeGetData


2024-04-22 12:00:14,451 [TScriptEngine] DEBUG ChromeFind
Chrome Find Wrapper : The object was not found.
Please re-specify the object.

2024-04-22 12:01:37,689 [TScriptEngine] WARN  ScriptSupport
[CATCH_STEP_EXCEPTION] Process: P_BuscaPelando
Step: ChromeGetData (11/25)

Error: The object was not found.
Please re-specify the object.

2024-04-22 12:01:37,692 [TScriptEngine] FINE  JobRunner
RunTask ExceptionOccured. TASK: P_BuscaPelando => The object was not found.
Please re-specify the object.

2024-04-22 12:01:37,707 [TScriptEngine] INFO  JobRequest
##############################################################
### STATE: EndProcess - P_BuscaPelando
##############################################################
555b061e-b28a-40a4-a60a-8b5af287d0c6
P_BuscaPelando


2024-04-22 12:01:37,714 [TScriptEngine] ERROR JobRunner
Process: P_BuscaPelando
Step: ChromeGetData (11/25)

The object was not found.
Please re-specify the object.

[CallStack]
  - P_BuscaPelando: [11] ChromeGetData

[Global Variables]
  - RESULT = Workbook (Any)

[P_BuscaPelando Variables]
  - var1 = <undefined> (Undefined)

2024-04-22 12:01:37,714 [TScriptEngine] DEBUG JobManager
Set Result State: ExceptionOccured

2024-04-22 12:01:39,065 [TScriptEngine] INFO  JobRunner
Make report.

2024-04-22 12:01:39,107 [TScriptEngine] INFO  JobRunner
Start to clean up resources.

2024-04-22 12:01:39,107 [TScriptEngine] DEBUG JobRunner
OnProcessFailed

2024-04-22 12:01:39,108 [T28] DEBUG JobRunner
Start timer for checking the job to be completed.

2024-04-22 12:01:39,110 [TScriptEngine] DEBUG ExcelBase
DisposeExcel

2024-04-22 12:01:39,147 [TScriptEngine] INFO  JobRunner
Start to clean up resources.

2024-04-22 12:01:39,148 [TScriptEngine] DEBUG JobRunner
Remove all libraries

2024-04-22 12:01:39,149 [TScriptEngine] DEBUG NetPlayer
WebPlayer OnDispose

2024-04-22 12:01:39,150 [TScriptEngine] DEBUG WebPlayer
WebPlayer OnDispose : Do Nothing

2024-04-22 12:01:39,152 [TScriptEngine] DEBUG UiaAppHelper
WinHelper DisposeAppList Count: 0

2024-04-22 12:01:39,152 [TScriptEngine] INFO  JobRunner
All Resources Clear

2024-04-22 12:01:39,153 [TScriptEngine] DEBUG JobRunner
OnCompleted

2024-04-22 12:01:39,153 [TScriptEngine] DEBUG JobRunner
SendJobResult: ExceptionOccured

2024-04-22 12:01:39,153 [TScriptEngine] INFO  JobRequest
##############################################################
### STATE: ExceptionOccured
##############################################################
Process: P_BuscaPelando
Step: ChromeGetData (11/25)

The object was not found.
Please re-specify the object.

[CallStack]
  - P_BuscaPelando: [11] ChromeGetData

[Global Variables]
  - RESULT = Workbook (Any)

[P_BuscaPelando Variables]
  - var1 = <undefined> (Undefined)


2024-04-22 12:01:39,153 [TScriptEngine] INFO  JobRequest
Last job life cycle state: ExceptionOccured

2024-04-22 12:01:39,160 [TScriptEngine] INFO  JobRequest
##############################################################
### JOB COMPLETED
##############################################################


2024-04-22 12:01:39,169 [T11] DEBUG JobRequest
Callback - State: ExceptionOccured
Process: P_BuscaPelando
Step: ChromeGetData (11/25)

The object was not found.
Please re-specify the object.

[CallStack]
  - P_BuscaPelando: [11] ChromeGetData

[Global Variables]
  - RESULT = Workbook (Any)

[P_BuscaPelando Variables]
  - var1 = <undefined> (Undefined)

2024-04-22 12:01:39,169 [T11] INFO  JobRequest
Callback - EngineClosed

2024-04-22 12:01:39,170 [T11] INFO  JobService
Disconnect agent service

2024-04-22 12:01:39,182 [T11] DEBUG JobRequest
End of Callback Sender

2024-04-22 12:01:39,184 [TScriptEngine] INFO  JobRunner
RunProcess end

2024-04-22 12:01:39,184 [T1] INFO  JobService
Exit - Shutdown Engine BOT

