2024-04-22 12:01:39,642 [T1] INFO  EngineStarter
BOT Engine Start - v3.1.000.01101
BOT ID: D_20240422_120139_184
BOT PID: 22332
BOT PPID: 5068
BOT Working Directory: C:\Users\rsouz\AppData\Roaming\Brity RPA Designer

2024-04-22 12:01:39,652 [T1] INFO  EngineStarter
System Language: pt-BR
Resolution: 1920 x 1080

2024-04-22 12:01:39,796 [T1] INFO  Config
Initialize Config

2024-04-22 12:01:39,819 [T1] DEBUG Config
Config Loaded

2024-04-22 12:01:39,820 [T1] DEBUG Config
Backup config file.

2024-04-22 12:01:39,825 [T1] INFO  Config
Orchestrator Service => https://orch.sdsbrity.com:8777

2024-04-22 12:01:39,827 [T1] INFO  Config
Initialize Resource Config

2024-04-22 12:01:39,845 [T1] DEBUG Config
Refresh Language Information

2024-04-22 12:01:39,899 [T1] INFO  Config
All Config Initialized.

2024-04-22 12:01:39,901 [T1] DEBUG KeyManager
Initialize KeyManager

2024-04-22 12:01:39,904 [T1] DEBUG KeyManager
Device ID is initialized.

2024-04-22 12:01:39,926 [T1] INFO  CertLicenseClient
Initialize certificate.

2024-04-22 12:01:39,929 [T1] DEBUG CertLicenseClient
Set Security Protocol: Tls12

2024-04-22 12:01:39,947 [T5] DEBUG JobService
Connect to agent service

2024-04-22 12:01:39,954 [T1] DEBUG ApplicationInitializer
InitMode: Thread

2024-04-22 12:01:39,957 [T1] INFO  LibraryManager
Load Libraries - Started

2024-04-22 12:01:39,964 [T1] DEBUG AddInLoader
Load Assembly : IPA.Lib.Chrome

2024-04-22 12:01:40,042 [T5] DEBUG JobService
JobService URL : net.tcp://127.0.0.1:59001/rpa/agent

2024-04-22 12:01:40,042 [T5] DEBUG JobService
Open connection

2024-04-22 12:01:40,147 [T1] DEBUG AddInLoader
Load Assembly : IPA.Lib.Desktop

2024-04-22 12:01:40,215 [T5] DEBUG JobService
Register engine to agent

2024-04-22 12:01:40,251 [T1] DEBUG AddInLoader
Load Assembly : IPA.Lib.Excel

2024-04-22 12:01:40,295 [T5] DEBUG JobService
Engine is connected to agent service.

2024-04-22 12:01:40,295 [T5] DEBUG JobService
Owner Process PID: 5068

2024-04-22 12:01:40,304 [T5] INFO  JobService
Start monitoring owner process is terminated.

2024-04-22 12:01:40,350 [T1] DEBUG AddInLoader
Load Assembly : IPA.Lib.Flow

2024-04-22 12:01:40,415 [T1] DEBUG AddInLoader
Load Assembly : IPA.Lib.IE

2024-04-22 12:01:40,463 [T1] DEBUG AddInLoader
Load Assembly : IPA.Lib.ImageConverter

2024-04-22 12:01:40,520 [T1] DEBUG AddInLoader
Load Assembly : IPA.Lib.ImageRecognition

2024-04-22 12:01:40,634 [T1] DEBUG AddInLoader
Load Assembly : IPA.Lib.MicrosoftOCR

2024-04-22 12:01:40,666 [T1] DEBUG AddInLoader
Load Assembly : IPA.Lib.Net

2024-04-22 12:01:40,711 [T1] DEBUG AddInLoader
Load Assembly : IPA.Lib.Orchestra

2024-04-22 12:01:40,756 [T1] DEBUG AddInLoader
Load Assembly : IPA.Lib.ProcessFlow

2024-04-22 12:01:40,801 [T1] DEBUG AddInLoader
Load Assembly : IPA.Lib.SAP

2024-04-22 12:01:40,852 [T1] DEBUG AddInLoader
Load Assembly : IPA.Lib.Web

2024-04-22 12:01:40,906 [T1] DEBUG AddInLoader
Load Assembly : IPA.Lib.Win

2024-04-22 12:01:40,974 [T1] INFO  ScreenCapture
Default Screen Capture Bounds: 0;0;1920;1080

2024-04-22 12:01:40,993 [T1] DEBUG AddInLoader
Load Assembly : BrityRPA.AddIn.NativeApp

2024-04-22 12:01:41,052 [T1] DEBUG AddInLoader
Load Assembly : BrityWorks.AddIn.Outlook

2024-04-22 12:01:41,092 [T1] DEBUG AddInLoader
Load Assembly : BrityWorks.AddIn.Pdf

2024-04-22 12:01:41,132 [T1] DEBUG LibraryManager
Load Library - Chrome

2024-04-22 12:01:41,133 [T1] DEBUG LibraryManager
Load Library - Desktop

2024-04-22 12:01:41,134 [T1] DEBUG LibraryManager
Load Library - Excel

2024-04-22 12:01:41,134 [T1] DEBUG LibraryManager
Load Library - Flow

2024-04-22 12:01:41,134 [T1] DEBUG LibraryManager
Load Library - IE

2024-04-22 12:01:41,134 [T1] DEBUG LibraryManager
Load Library - ImageConverter

2024-04-22 12:01:41,135 [T1] DEBUG LibraryManager
Load Library - ImageRecognition

2024-04-22 12:01:41,136 [T1] DEBUG LibraryManager
Load Library - MicrosoftOCR

2024-04-22 12:01:41,136 [T1] DEBUG LibraryManager
Load Library - NativeApp

2024-04-22 12:01:41,138 [T1] DEBUG LibraryManager
Load Library - Net

2024-04-22 12:01:41,138 [T1] DEBUG LibraryManager
Load Library - Orchestra

2024-04-22 12:01:41,138 [T1] DEBUG LibraryManager
Load Library - Outlook

2024-04-22 12:01:41,139 [T1] DEBUG LibraryManager
Load Library - Pdf

2024-04-22 12:01:41,139 [T1] DEBUG LibraryManager
Load Library - SAP

2024-04-22 12:01:41,139 [T1] DEBUG LibraryManager
Load Library - Web

2024-04-22 12:01:41,139 [T1] DEBUG LibraryManager
Load Library - Win

2024-04-22 12:01:41,140 [T1] DEBUG LibraryManager
Load Library - WorkFlow

2024-04-22 12:01:41,143 [T1] DEBUG LibraryManager
Load built-in script libraries

2024-04-22 12:01:41,215 [T1] INFO  LibraryManager
Load Libraries - Completed.

2024-04-22 12:01:41,219 [T1] INFO  App
Launch Arguments: Total: 6 |  -eid D_20240422_120139_184 -runtype ProcRunner -ppid 5068

2024-04-22 12:01:41,220 [T1] DEBUG Config
Refresh Language Information

2024-04-22 12:01:41,220 [T1] DEBUG LibraryManager
LibraryManager Initialized.

2024-04-22 12:02:46,006 [T6] INFO  JobService
Start Job: P_BuscaPelando (Foreground)
{
  "UsePIP": false,
  "UserID": null,
  "UserPWD": null,
  "IsRunning": false,
  "ResultMessage": null,
  "JobWorkDir": "C:\\Users\\rsouz\\OneDrive\\Documentos\\BuscaPelando\\BuscaPelando\\Histories\\20240422_120245_P_BuscaPelando_Designer_20240422_120243_295",
  "JobLogDir": "C:\\Users\\rsouz\\OneDrive\\Documentos\\BuscaPelando\\BuscaPelando\\Histories\\20240422_120245_P_BuscaPelando_Designer_20240422_120243_295\\Log",
  "JobScreenshotDir": "C:\\Users\\rsouz\\OneDrive\\Documentos\\BuscaPelando\\BuscaPelando\\Histories\\20240422_120245_P_BuscaPelando_Designer_20240422_120243_295\\Log\\Screenshot",
  "TotalProcessStepCount": 0,
  "CurrentStepNo": 0,
  "CurrentStepName": null,
  "StartTime": "2024-04-22 12:02:45",
  "EndTime": null,
  "Data": null,
  "EngineID": "D_20240422_120139_184",
  "EnginePID": 0,
  "EngineRecommededVersion": "",
  "JobId": "Designer_20240422_120243_295",
  "JobType": 1,
  "UserAuthentication": null,
  "ProcessPath": "C:\\Users\\rsouz\\OneDrive\\Documentos\\BuscaPelando\\BuscaPelando\\P_BuscaPelando.proc",
  "ProcessId": "555b061e-b28a-40a4-a60a-8b5af287d0c6",
  "ProcessVer": "",
  "ProcessArgs": null,
  "RequesterType": 3,
  "RequesterId": "designer",
  "RequesterPID": 5068,
  "OptionsJsonString": null,
  "TimeoutSec": 0,
  "State": 0
}

2024-04-22 12:02:46,119 [T12] DEBUG JobService
Waiting library loading...

2024-04-22 12:02:46,121 [T12] DEBUG Config
Reload User Settings

2024-04-22 12:02:46,121 [T12] INFO  Config
UserSettings Reloaded =>
 - LastExecution : H2T4/EoNCchkndASAnGHLlMegRqwGTixVSjtL28BeT4= -> 3I+gyZgXpgnF7RkjzxArnzN+pY8aOcyVficuFyPMvO0=

2024-04-22 12:02:46,121 [T12] INFO  JobService
Config Loading Completed.

2024-04-22 12:02:46,122 [T12] DEBUG JobService
Config Loading Time: 1 ms.

2024-04-22 12:02:46,127 [T12] INFO  JobManager
Create JobManager instance for job P_BuscaPelando(Designer_20240422_120243_295)

2024-04-22 12:02:46,131 [T12] INFO  JobRequest
Job ID : Designer_20240422_120243_295
Project Path  : C:\Users\rsouz\OneDrive\Documentos\BuscaPelando\BuscaPelando\BuscaPelando.proj
Process Name  : P_BuscaPelando
Engine Mode   : Designer
Requester Type: Designer
Requester PID : 5068

2024-04-22 12:02:46,131 [T11] INFO  JobRequest
Start Callback Sender

2024-04-22 12:02:46,131 [T11] DEBUG JobRequest
Step Callback Interval: 500

2024-04-22 12:02:46,160 [T12] DEBUG ProjectManager
Set Project Information

2024-04-22 12:02:46,177 [T12] INFO  PlayOptionManager
PlayOption
- Step Interval : 1
- Disable DrawBounds : False
- Invoke First : False
- Allow Upload of DumpScreen results : False

2024-04-22 12:02:46,177 [T12] INFO  JobRunner
Initialize Script Engine

2024-04-22 12:02:46,196 [TScriptEngine] INFO  JobRequest
##############################################################
### STATE: Initializing
##############################################################


2024-04-22 12:02:46,221 [T11] DEBUG JobRequest
Callback - State: Initializing


2024-04-22 12:02:46,727 [TScriptEngine] INFO  JobRequest
##############################################################
### STATE: Ready
##############################################################


2024-04-22 12:02:46,734 [T12] INFO  JobRunnerHook
HotKey Hook Started

2024-04-22 12:02:46,735 [T12] INFO  JobRequest
##############################################################
### STATE: Starting
##############################################################


2024-04-22 12:02:46,735 [TScriptEngine] INFO  JobRunner
RunProcess start

2024-04-22 12:02:46,737 [TScriptEngine] INFO  JobRequest
##############################################################
### STATE: Running
##############################################################


2024-04-22 12:02:46,737 [TScriptEngine] INFO  JobRequest
Last job life cycle state: Running

2024-04-22 12:02:46,740 [T11] DEBUG JobRequest
Callback - State: Ready


2024-04-22 12:02:46,740 [T11] DEBUG JobRequest
Callback - State: Starting


2024-04-22 12:02:46,740 [T11] DEBUG JobRequest
Callback - State: Running


2024-04-22 12:02:46,827 [TScriptEngine] WARN  ProcessDataValidator
It can be occurred a malfunction to play P_BuscaPelando,
because this system is different from designed system environment.
(OS, Resolution, etc)

2024-04-22 12:02:47,574 [TScriptEngine] DEBUG ScreenCapture
DirectX Screen Capture Initialized.

2024-04-22 12:02:47,653 [TScriptEngine] DEBUG JobRunner
DirectX ScreenCapture Checked.

2024-04-22 12:02:47,674 [TScriptEngine] INFO  JobRequest
##############################################################
### STATE: StartProcess - P_BuscaPelando
##############################################################
555b061e-b28a-40a4-a60a-8b5af287d0c6
P_BuscaPelando


2024-04-22 12:02:47,705 [TScriptEngine] INFO  JobRequest
**************************************************************
*** TASK: P_BuscaPelando
**************************************************************
 - STEP 1: S86f16690686645bc8439a8b2b452cd83 (1/25) - (1/23)
 - [1] ExecuteScript


2024-04-22 12:02:47,764 [TScriptEngine] INFO  JobRequest
 - STEP 2: S4d3ff38410c5455b826d43d87cf49cd8 (2/25) - (2/23)
 - [2] ChromeOpen


2024-04-22 12:02:49,917 [T12] DEBUG ChromeRemoteConnect
GetRemoteBrowserUsingEndPoint Fail : Um ou mais erros.

2024-04-22 12:02:49,954 [T12] DEBUG ChromeCommonExtension
extension default locale empty

2024-04-22 12:02:49,962 [T12] DEBUG ChromeCommonExtension
extension default locale empty

2024-04-22 12:02:49,963 [T12] DEBUG ChromeCommonExtension
extension default locale empty

2024-04-22 12:02:49,963 [T12] DEBUG ChromeCommonExtension
extension default locale empty

2024-04-22 12:02:52,033 [T12] DEBUG ChromeCommonExtension
extension default locale empty

2024-04-22 12:02:52,034 [T12] DEBUG ChromeCommonExtension
extension default locale empty

2024-04-22 12:02:52,035 [T12] DEBUG ChromeCommonExtension
extension default locale empty

2024-04-22 12:02:52,035 [T12] DEBUG ChromeCommonExtension
extension default locale empty

2024-04-22 12:02:53,803 [TScriptEngine] INFO  JobRequest
 - STEP 3: S03561362f69e48408b702ca4b8714b67 (3/25) - (3/23)
 - [3] OpenExcel


2024-04-22 12:02:55,346 [TScriptEngine] INFO  JobRequest
 - STEP 4: S584a8a33bcbf4374b5d2845290c8d9b2 (4/25) - (4/23)
 - [4] GetRowCount


2024-04-22 12:02:55,486 [TScriptEngine] INFO  JobRequest
 - STEP 5: S8b8d108e00ed4c2ba96a9f2ae5f44746 (5/25) - (5/23)
 - [5] For


2024-04-22 12:02:55,499 [TScriptEngine] INFO  JobRequest
 - STEP 6: S81addd046cc34e86adc068f41f9de701 (6/25) - (6/23)
 - [6] ReadString


2024-04-22 12:02:55,635 [TScriptEngine] INFO  JobRequest
 - STEP 7: S6168511069a04932a8552b7ca7518a8e (7/25) - (7/23)
 - [7] ChromeSetText


2024-04-22 12:03:08,307 [TScriptEngine] INFO  JobRequest
 - STEP 8: S1a0ab2948c84411ba5de633436320dca (8/25) - (8/23)
 - [8] ChromeClick


2024-04-22 12:03:08,523 [TScriptEngine] INFO  JobRequest
 - STEP 9: S20620cb234734489b2e4321a3335cb99 (9/25) - (9/23)
 - [9] Delay


2024-04-22 12:03:18,546 [TScriptEngine] INFO  JobRequest
 - STEP 10: Sd154f94205ee4ffe849849fea7680492 (10/25) - (10/23)
 - [10] ChromeClick


2024-04-22 12:03:18,731 [TScriptEngine] INFO  JobRequest
 - STEP 11: S1d6e4894fb7b4b96b373622eece1859e (11/25) - (11/23)
 - [11] ChromeGetData


2024-04-22 12:03:21,906 [TScriptEngine] INFO  JobRequest
 - STEP 12: S8ee7d528e5e34392a06123c70f954243 (12/25) - (12/23)
 - [12] IfElse


2024-04-22 12:03:21,921 [TScriptEngine] INFO  JobRequest
 - STEP 13: Se82318a5b08c47289602507ec23ac06d (13/25) - (13/23)
 - [13] WriteString


2024-04-22 12:03:22,090 [TScriptEngine] INFO  JobRequest
 - STEP 14: S437c1d6a53d744f3a9887e29736d290d (16/25) - (16/23)
 - [16] End-IfElse


2024-04-22 12:03:22,106 [TScriptEngine] INFO  JobRequest
 - STEP 15: S0ca84fa2ee0b41c9b094db9f6241e80b (17/25) - (17/23)
 - [17] ChromeGetData


2024-04-22 12:03:22,260 [TScriptEngine] INFO  JobRequest
 - STEP 16: Sdd21da6ad2fc4f46840b6f5618d74d67 (18/25) - (18/23)
 - [18] WriteString


2024-04-22 12:03:22,337 [TScriptEngine] INFO  JobRequest
 - STEP 17: S2a50bcf2282e46a3af438d325f45b515 (19/25) - (19/23)
 - [19] ChromeClick


2024-04-22 12:03:22,523 [TScriptEngine] INFO  JobRequest
 - STEP 18: Sadffcbc16a994b17b217aa2bc56f5625 (20/25) - (20/23)
 - [20] Delay


2024-04-22 12:03:32,549 [TScriptEngine] INFO  JobRequest
 - STEP 19: S113b1c326c7d46008405113d34b44d67 (23/25) - (21/23)
 - [23] DateTime_AddDays


2024-04-22 12:03:32,610 [TScriptEngine] INFO  JobRequest
 - STEP 20: S53f95751bdb6412192a23e654242cbe8 (24/25) - (22/23)
 - [24] WriteString


2024-04-22 12:03:32,796 [TScriptEngine] INFO  JobRequest
 - STEP 21: S81addd046cc34e86adc068f41f9de701 (6/25) - (22/23)
 - [6] ReadString


2024-04-22 12:03:32,874 [TScriptEngine] INFO  JobRequest
 - STEP 22: S6168511069a04932a8552b7ca7518a8e (7/25) - (22/23)
 - [7] ChromeSetText


2024-04-22 12:03:45,201 [TScriptEngine] INFO  JobRequest
 - STEP 23: S1a0ab2948c84411ba5de633436320dca (8/25) - (22/23)
 - [8] ChromeClick


2024-04-22 12:03:45,386 [TScriptEngine] INFO  JobRequest
 - STEP 24: S20620cb234734489b2e4321a3335cb99 (9/25) - (22/23)
 - [9] Delay


2024-04-22 12:03:55,406 [TScriptEngine] INFO  JobRequest
 - STEP 25: Sd154f94205ee4ffe849849fea7680492 (10/25) - (22/23)
 - [10] ChromeClick


2024-04-22 12:04:08,950 [TScriptEngine] INFO  JobRequest
 - STEP 26: S1d6e4894fb7b4b96b373622eece1859e (11/25) - (22/23)
 - [11] ChromeGetData


2024-04-22 12:04:31,074 [TScriptEngine] DEBUG ChromeFind
Chrome Find Wrapper : The object was not found.
Please re-specify the object.

2024-04-22 12:04:42,966 [TScriptEngine] INFO  JobRunner
Try Pause

2024-04-22 12:04:42,966 [TScriptEngine] INFO  JobRequest
##############################################################
### STATE: Paused
##############################################################


2024-04-22 12:04:42,966 [TScriptEngine] INFO  JobRequest
Last job life cycle state: Paused

2024-04-22 12:04:42,996 [T11] DEBUG JobRequest
Callback - State: Paused


2024-04-22 12:05:05,102 [T16] INFO  JobService
Stop Job

2024-04-22 12:05:05,103 [T16] INFO  JobRunner
Stop Job Runner - Cause: LocalUser / Message: stop by user

2024-04-22 12:05:05,103 [T16] INFO  JobRequest
##############################################################
### STATE: Stopping
##############################################################
stop by user


2024-04-22 12:05:05,108 [TScriptEngine] DEBUG JobRunner
RunTask Interrupted. TASK: P_BuscaPelando => Script execution interrupted by host

2024-04-22 12:05:05,118 [T11] DEBUG JobRequest
Callback - State: Stopping
stop by user

2024-04-22 12:05:05,123 [TScriptEngine] DEBUG JobManager
Set Result State: Stopped

2024-04-22 12:05:05,125 [TScriptEngine] INFO  JobRunner
Make report.

2024-04-22 12:05:05,149 [TScriptEngine] INFO  JobRunner
Start to clean up resources.

2024-04-22 12:05:05,149 [TScriptEngine] DEBUG JobRunner
OnProcessCompleted

2024-04-22 12:05:05,150 [T30] DEBUG JobRunner
Start timer for checking the job to be completed.

2024-04-22 12:05:05,154 [TScriptEngine] DEBUG ExcelBase
DisposeExcel

2024-04-22 12:05:05,175 [TScriptEngine] INFO  JobRunner
Start to clean up resources.

2024-04-22 12:05:05,175 [TScriptEngine] DEBUG JobRunner
Remove all Process Stack: 1

2024-04-22 12:05:05,177 [TScriptEngine] INFO  JobRequest
##############################################################
### STATE: EndProcess - P_BuscaPelando
##############################################################
555b061e-b28a-40a4-a60a-8b5af287d0c6
P_BuscaPelando


2024-04-22 12:05:05,178 [TScriptEngine] DEBUG JobRunner
Remove all libraries

2024-04-22 12:05:05,179 [TScriptEngine] DEBUG NetPlayer
WebPlayer OnDispose

2024-04-22 12:05:05,180 [TScriptEngine] DEBUG WebPlayer
WebPlayer OnDispose : Do Nothing

2024-04-22 12:05:05,182 [TScriptEngine] DEBUG UiaAppHelper
WinHelper DisposeAppList Count: 0

2024-04-22 12:05:05,182 [TScriptEngine] INFO  JobRunner
All Resources Clear

2024-04-22 12:05:05,182 [TScriptEngine] DEBUG JobRunner
OnCompleted

2024-04-22 12:05:05,182 [TScriptEngine] DEBUG JobRunner
SendJobResult: Stopped

2024-04-22 12:05:05,182 [TScriptEngine] INFO  JobRequest
##############################################################
### STATE: Stopped
##############################################################
Process: P_BuscaPelando
Step: ChromeGetData (11/25)

Stopped by User


2024-04-22 12:05:05,183 [TScriptEngine] INFO  JobRequest
Last job life cycle state: Stopped

2024-04-22 12:05:05,187 [TScriptEngine] INFO  JobRequest
##############################################################
### JOB COMPLETED
##############################################################


2024-04-22 12:05:05,196 [T11] DEBUG JobRequest
Callback - State: Stopped
Process: P_BuscaPelando
Step: ChromeGetData (11/25)

Stopped by User

2024-04-22 12:05:05,211 [TScriptEngine] INFO  JobRunner
RunProcess end

2024-04-22 12:05:05,211 [T11] INFO  JobRequest
Callback - EngineClosed

2024-04-22 12:05:05,211 [T1] INFO  JobService
Exit - Shutdown Engine BOT

2024-04-22 12:05:05,211 [T11] INFO  JobService
Disconnect agent service

