2024-04-17 08:21:27,100 [T1] INFO  EngineStarter
BOT Engine Start - v3.1.000.01101
BOT ID: D_20240417_082126_326
BOT PID: 2424
BOT PPID: 11848
BOT Working Directory: C:\Users\rsmenezes1\AppData\Roaming\Brity RPA Designer

2024-04-17 08:21:27,110 [T1] INFO  EngineStarter
System Language: pt-BR
Resolution: 3840 x 1080

2024-04-17 08:21:27,284 [T1] INFO  Config
Initialize Config

2024-04-17 08:21:27,306 [T1] DEBUG Config
Config Loaded

2024-04-17 08:21:27,307 [T1] DEBUG Config
Backup config file.

2024-04-17 08:21:27,318 [T1] INFO  Config
Orchestrator Service => https://orch.sdsbrity.com:8777

2024-04-17 08:21:27,321 [T1] INFO  Config
Initialize Resource Config

2024-04-17 08:21:27,339 [T1] DEBUG Config
Refresh Language Information

2024-04-17 08:21:27,400 [T1] INFO  Config
All Config Initialized.

2024-04-17 08:21:27,401 [T1] DEBUG KeyManager
Initialize KeyManager

2024-04-17 08:21:27,404 [T1] DEBUG KeyManager
Device ID is initialized.

2024-04-17 08:21:27,425 [T1] INFO  CertLicenseClient
Initialize certificate.

2024-04-17 08:21:27,427 [T1] DEBUG CertLicenseClient
Set Security Protocol: Tls12

2024-04-17 08:21:27,450 [T5] DEBUG JobService
Connect to agent service

2024-04-17 08:21:27,453 [T1] DEBUG ApplicationInitializer
InitMode: Thread

2024-04-17 08:21:27,457 [T1] INFO  LibraryManager
Load Libraries - Started

2024-04-17 08:21:27,464 [T1] DEBUG AddInLoader
Load Assembly : IPA.Lib.Chrome

2024-04-17 08:21:27,548 [T5] DEBUG JobService
JobService URL : net.tcp://127.0.0.1:59001/rpa/agent

2024-04-17 08:21:27,548 [T5] DEBUG JobService
Open connection

2024-04-17 08:21:27,634 [T1] DEBUG AddInLoader
Load Assembly : IPA.Lib.Desktop

2024-04-17 08:21:27,750 [T5] DEBUG JobService
Register engine to agent

2024-04-17 08:21:27,763 [T1] DEBUG AddInLoader
Load Assembly : IPA.Lib.Excel

2024-04-17 08:21:27,870 [T1] DEBUG AddInLoader
Load Assembly : IPA.Lib.Flow

2024-04-17 08:21:27,914 [T5] DEBUG JobService
Engine is connected to agent service.

2024-04-17 08:21:27,914 [T5] DEBUG JobService
Owner Process PID: 11848

2024-04-17 08:21:27,918 [T5] INFO  JobService
Start monitoring owner process is terminated.

2024-04-17 08:21:27,943 [T1] DEBUG AddInLoader
Load Assembly : IPA.Lib.IE

2024-04-17 08:21:28,011 [T1] DEBUG AddInLoader
Load Assembly : IPA.Lib.ImageConverter

2024-04-17 08:21:28,060 [T1] DEBUG AddInLoader
Load Assembly : IPA.Lib.ImageRecognition

2024-04-17 08:21:28,063 [T6] INFO  JobService
Start Job: P_BuscaPelando (Foreground)
{
  "UsePIP": false,
  "UserID": null,
  "UserPWD": null,
  "IsRunning": false,
  "ResultMessage": null,
  "JobWorkDir": "C:\\Users\\rsmenezes1\\Documents\\Brity RPA Projects\\BuscaPelando\\Histories\\20240417_082126_P_BuscaPelando_Designer_20240417_082123_622",
  "JobLogDir": "C:\\Users\\rsmenezes1\\Documents\\Brity RPA Projects\\BuscaPelando\\Histories\\20240417_082126_P_BuscaPelando_Designer_20240417_082123_622\\Log",
  "JobScreenshotDir": "C:\\Users\\rsmenezes1\\Documents\\Brity RPA Projects\\BuscaPelando\\Histories\\20240417_082126_P_BuscaPelando_Designer_20240417_082123_622\\Log\\Screenshot",
  "TotalProcessStepCount": 0,
  "CurrentStepNo": 0,
  "CurrentStepName": null,
  "StartTime": "2024-04-17 08:21:26",
  "EndTime": null,
  "Data": null,
  "EngineID": "D_20240417_082126_326",
  "EnginePID": 0,
  "EngineRecommededVersion": "",
  "JobId": "Designer_20240417_082123_622",
  "JobType": 1,
  "UserAuthentication": null,
  "ProcessPath": "C:\\Users\\rsmenezes1\\Documents\\Brity RPA Projects\\BuscaPelando\\P_BuscaPelando.proc",
  "ProcessId": "555b061e-b28a-40a4-a60a-8b5af287d0c6",
  "ProcessVer": "",
  "ProcessArgs": null,
  "RequesterType": 3,
  "RequesterId": "designer",
  "RequesterPID": 11848,
  "OptionsJsonString": null,
  "TimeoutSec": 0,
  "State": 0
}

2024-04-17 08:21:28,187 [T1] DEBUG AddInLoader
Load Assembly : IPA.Lib.MicrosoftOCR

2024-04-17 08:21:28,232 [T1] DEBUG AddInLoader
Load Assembly : IPA.Lib.Net

2024-04-17 08:21:28,290 [T1] DEBUG AddInLoader
Load Assembly : IPA.Lib.Orchestra

2024-04-17 08:21:28,317 [T8] DEBUG JobService
Waiting library loading...

2024-04-17 08:21:28,344 [T1] DEBUG AddInLoader
Load Assembly : IPA.Lib.ProcessFlow

2024-04-17 08:21:28,408 [T1] DEBUG AddInLoader
Load Assembly : IPA.Lib.SAP

2024-04-17 08:21:28,470 [T1] DEBUG AddInLoader
Load Assembly : IPA.Lib.Web

2024-04-17 08:21:28,537 [T1] DEBUG AddInLoader
Load Assembly : IPA.Lib.Win

2024-04-17 08:21:28,619 [T1] INFO  ScreenCapture
Default Screen Capture Bounds: -1920;0;3840;1080

2024-04-17 08:21:28,640 [T1] DEBUG AddInLoader
Load Assembly : BrityRPA.AddIn.NativeApp

2024-04-17 08:21:28,702 [T1] DEBUG AddInLoader
Load Assembly : BrityWorks.AddIn.Outlook

2024-04-17 08:21:28,742 [T1] DEBUG AddInLoader
Load Assembly : BrityWorks.AddIn.Pdf

2024-04-17 08:21:28,788 [T1] DEBUG LibraryManager
Load Library - Chrome

2024-04-17 08:21:28,789 [T1] DEBUG LibraryManager
Load Library - Desktop

2024-04-17 08:21:28,790 [T1] DEBUG LibraryManager
Load Library - Excel

2024-04-17 08:21:28,790 [T1] DEBUG LibraryManager
Load Library - Flow

2024-04-17 08:21:28,790 [T1] DEBUG LibraryManager
Load Library - IE

2024-04-17 08:21:28,791 [T1] DEBUG LibraryManager
Load Library - ImageConverter

2024-04-17 08:21:28,791 [T1] DEBUG LibraryManager
Load Library - ImageRecognition

2024-04-17 08:21:28,792 [T1] DEBUG LibraryManager
Load Library - MicrosoftOCR

2024-04-17 08:21:28,793 [T1] DEBUG LibraryManager
Load Library - NativeApp

2024-04-17 08:21:28,794 [T1] DEBUG LibraryManager
Load Library - Net

2024-04-17 08:21:28,794 [T1] DEBUG LibraryManager
Load Library - Orchestra

2024-04-17 08:21:28,794 [T1] DEBUG LibraryManager
Load Library - Outlook

2024-04-17 08:21:28,795 [T1] DEBUG LibraryManager
Load Library - Pdf

2024-04-17 08:21:28,795 [T1] DEBUG LibraryManager
Load Library - SAP

2024-04-17 08:21:28,795 [T1] DEBUG LibraryManager
Load Library - Web

2024-04-17 08:21:28,795 [T1] DEBUG LibraryManager
Load Library - Win

2024-04-17 08:21:28,796 [T1] DEBUG LibraryManager
Load Library - WorkFlow

2024-04-17 08:21:28,799 [T1] DEBUG LibraryManager
Load built-in script libraries

2024-04-17 08:21:28,871 [T1] INFO  LibraryManager
Load Libraries - Completed.

2024-04-17 08:21:28,876 [T1] INFO  App
Launch Arguments: Total: 6 |  -eid D_20240417_082126_326 -runtype ProcRunner -ppid 11848

2024-04-17 08:21:28,877 [T1] DEBUG Config
Refresh Language Information

2024-04-17 08:21:28,877 [T1] DEBUG LibraryManager
LibraryManager Initialized.

2024-04-17 08:21:28,885 [T8] DEBUG Config
Reload User Settings

2024-04-17 08:21:28,887 [T8] INFO  JobService
Config Loading Completed.

2024-04-17 08:21:28,887 [T8] DEBUG JobService
Config Loading Time: 569 ms.

2024-04-17 08:21:28,893 [T8] INFO  JobManager
Create JobManager instance for job P_BuscaPelando(Designer_20240417_082123_622)

2024-04-17 08:21:28,896 [T8] INFO  JobRequest
Job ID : Designer_20240417_082123_622
Project Path  : C:\Users\rsmenezes1\Documents\Brity RPA Projects\BuscaPelando\BuscaPelando.proj
Process Name  : P_BuscaPelando
Engine Mode   : Designer
Requester Type: Designer
Requester PID : 11848

2024-04-17 08:21:28,896 [T9] INFO  JobRequest
Start Callback Sender

2024-04-17 08:21:28,896 [T9] DEBUG JobRequest
Step Callback Interval: 500

2024-04-17 08:21:28,928 [T8] DEBUG ProjectManager
Set Project Information

2024-04-17 08:21:28,945 [T8] INFO  PlayOptionManager
PlayOption
- Step Interval : 1
- Disable DrawBounds : False
- Invoke First : False
- Allow Upload of DumpScreen results : False

2024-04-17 08:21:28,946 [T8] INFO  JobRunner
Initialize Script Engine

2024-04-17 08:21:28,957 [TScriptEngine] INFO  JobRequest
##############################################################
### STATE: Initializing
##############################################################


2024-04-17 08:21:28,982 [T9] DEBUG JobRequest
Callback - State: Initializing


2024-04-17 08:21:29,830 [TScriptEngine] INFO  JobRequest
##############################################################
### STATE: Ready
##############################################################


2024-04-17 08:21:29,838 [T9] DEBUG JobRequest
Callback - State: Ready


2024-04-17 08:21:29,878 [T8] INFO  JobRunnerHook
HotKey Hook Started

2024-04-17 08:21:29,878 [T8] INFO  JobRequest
##############################################################
### STATE: Starting
##############################################################


2024-04-17 08:21:29,879 [TScriptEngine] INFO  JobRunner
RunProcess start

2024-04-17 08:21:29,881 [TScriptEngine] INFO  JobRequest
##############################################################
### STATE: Running
##############################################################


2024-04-17 08:21:29,881 [TScriptEngine] INFO  JobRequest
Last job life cycle state: Running

2024-04-17 08:21:29,885 [T9] DEBUG JobRequest
Callback - State: Starting


2024-04-17 08:21:29,900 [T9] DEBUG JobRequest
Callback - State: Running


2024-04-17 08:21:31,102 [TScriptEngine] DEBUG ScreenCapture
DirectX Screen Capture Initialized.

2024-04-17 08:21:31,237 [TScriptEngine] DEBUG JobRunner
DirectX ScreenCapture Checked.

2024-04-17 08:21:31,251 [TScriptEngine] INFO  JobRequest
##############################################################
### STATE: StartProcess - P_BuscaPelando
##############################################################
555b061e-b28a-40a4-a60a-8b5af287d0c6
P_BuscaPelando


2024-04-17 08:21:31,280 [TScriptEngine] INFO  JobRequest
**************************************************************
*** TASK: P_BuscaPelando
**************************************************************
 - STEP 1: S86f16690686645bc8439a8b2b452cd83 (1/2) - (1/2)
 - [1] ExecuteScript


2024-04-17 08:21:31,338 [TScriptEngine] INFO  JobRequest
 - STEP 2: S4d3ff38410c5455b826d43d87cf49cd8 (2/2) - (2/2)
 - [2] ChromeOpen


2024-04-17 08:21:31,411 [T8] DEBUG ChromeCommonExtension
extension default locale empty

2024-04-17 08:21:31,526 [T8] DEBUG ChromeCommonExtension
extension default locale empty

2024-04-17 08:21:32,208 [TScriptEngine] INFO  JobRunner
[PASS] TASK: P_BuscaPelando

2024-04-17 08:21:32,213 [TScriptEngine] INFO  JobRequest
##############################################################
### STATE: EndProcess - P_BuscaPelando
##############################################################
555b061e-b28a-40a4-a60a-8b5af287d0c6
P_BuscaPelando


2024-04-17 08:21:32,223 [TScriptEngine] INFO  JobRunner
RunProcess - Job Result: {}

2024-04-17 08:21:32,223 [TScriptEngine] DEBUG JobManager
Set Result State: Completed

2024-04-17 08:21:32,225 [TScriptEngine] INFO  JobRunner
Make report.

2024-04-17 08:21:32,264 [TScriptEngine] INFO  JobRunner
Start to clean up resources.

2024-04-17 08:21:32,265 [TScriptEngine] DEBUG JobRunner
OnProcessCompleted

2024-04-17 08:21:32,265 [T14] DEBUG JobRunner
Start timer for checking the job to be completed.

2024-04-17 08:21:32,265 [TScriptEngine] INFO  JobRunner
Start to clean up resources.

2024-04-17 08:21:32,266 [TScriptEngine] DEBUG JobRunner
Remove all libraries

2024-04-17 08:21:32,270 [TScriptEngine] DEBUG NetPlayer
WebPlayer OnDispose

2024-04-17 08:21:32,272 [TScriptEngine] DEBUG WebPlayer
WebPlayer OnDispose : Do Nothing

2024-04-17 08:21:32,274 [TScriptEngine] DEBUG UiaAppHelper
WinHelper DisposeAppList Count: 0

2024-04-17 08:21:32,275 [TScriptEngine] INFO  JobRunner
All Resources Clear

2024-04-17 08:21:32,276 [TScriptEngine] DEBUG JobRunner
OnCompleted

2024-04-17 08:21:32,276 [TScriptEngine] DEBUG JobRunner
SendJobResult: Completed

2024-04-17 08:21:32,276 [TScriptEngine] INFO  JobRequest
##############################################################
### STATE: Completed
##############################################################
{}


2024-04-17 08:21:32,276 [TScriptEngine] INFO  JobRequest
Last job life cycle state: Completed

2024-04-17 08:21:32,276 [TScriptEngine] INFO  JobRequest
Update skipped current step informations.

2024-04-17 08:21:32,285 [TScriptEngine] INFO  JobRequest
##############################################################
### JOB COMPLETED
##############################################################


2024-04-17 08:21:32,296 [T9] DEBUG JobRequest
Callback - State: Completed
{}

2024-04-17 08:21:32,298 [T9] INFO  JobRequest
Callback - EngineClosed

2024-04-17 08:21:32,298 [T9] INFO  JobService
Disconnect agent service

2024-04-17 08:21:32,310 [TScriptEngine] INFO  JobRunner
RunProcess end

2024-04-17 08:21:32,310 [T1] INFO  JobService
Exit - Shutdown Engine BOT

2024-04-17 08:21:32,320 [T9] DEBUG JobRequest
End of Callback Sender

