<?xml version="1.0" encoding="utf-8"?>
<Result id="555b061e-b28a-40a4-a60a-8b5af287d0c6" name="P_BuscaPelando" result="Pass" detail="{}" start="2024-04-17T11:21:31.247" end="2024-04-17T11:21:32.213" jobId="Designer_20240417_082123_622">
  <Step id="S86f16690686645bc8439a8b2b452cd83" taskName="P_BuscaPelando" type="Flow" name="ExecuteScript" displayName="ExecuteScript" callDepth="1" depth="1" num="1" result="Pass" start="2024-04-17T11:21:31.282" end="2024-04-17T11:21:31.330" displayTime="0s">
    <Variables />
    <Properties setIndex="0">
      <Property value="" runtimeType="String" key="Options_OnError" displayKey="On Error" visible="true" required="false" />
      <Property value="" runtimeType="String" key="Key_Description" displayKey="Description" visible="true" required="false" />
      <Property value="'Initial variable'" runtimeType="String" key="Conditions_Title" displayKey="Title" visible="true" required="true" />
      <Property value="&lt;Too Long&gt; this.urlPelando = 'https://www.pelando.com.br/'&#xD;&#xA;this.execelPath = 'C:\\BuscarProdutos'&#xD;&#xA;this.coluna ... 108 more" runtimeType="String" key="Key_Script" displayKey="Script" visible="true" required="false" />
    </Properties>
  </Step>
  <Step id="S4d3ff38410c5455b826d43d87cf49cd8" taskName="P_BuscaPelando" type="Chrome" name="ChromeOpen" displayName="ChromeOpen" callDepth="1" depth="1" num="2" result="Pass" start="2024-04-17T11:21:31.338" end="2024-04-17T11:21:32.210" displayTime="0.9s">
    <Variables />
    <Properties setIndex="0">
      <Property value="" runtimeType="String" key="Options_OnError" displayKey="On Error" visible="true" required="false" />
      <Property value="" runtimeType="String" key="Key_Description" displayKey="Description" visible="true" required="false" />
      <Property value="this.pelando : &lt;object:ChromeBrowserObject&gt;" runtimeType="Any" key="CHROME_Browser" displayKey="Browser" visible="true" required="true" />
      <Property value="Chrome" runtimeType="String" key="CHROME_TypeOfBrowser" displayKey="Browser Type" visible="true" required="false" />
      <Property value="false" runtimeType="Boolean" key="CHROME_BrowserType" displayKey="Headless Mode" visible="true" required="false" />
      <Property value="'https://www.pelando.com.br/'" runtimeType="String" key="CHROME_URL" displayKey="URL" visible="true" required="true" />
      <Property value="" runtimeType="String" key="CHROME_ChromePath" displayKey="Browser Path" visible="true" required="false" />
      <Property value="true" runtimeType="Boolean" key="CHROME_Maximize" displayKey="Maximize" visible="true" required="false" />
      <Property value="60" runtimeType="Integer" key="CHROME_WaitTimeSec" displayKey="Page Load Timeout" visible="true" required="false" />
      <Property value="" runtimeType="String" key="CHROME_ExtensionList" displayKey="Included Extensions" visible="true" required="false" />
      <Property value="" runtimeType="String" key="CHROME_DownloadPath" displayKey="Download Path" visible="true" required="false" />
      <Property value="false" runtimeType="Boolean" key="CHROME_WindowsAccountPermissions" displayKey="Windows Account Permissions" visible="true" required="false" />
      <Property value="" runtimeType="String" key="CHROME_UserAgent" displayKey="User Agent" visible="true" required="false" />
      <Property value="false" runtimeType="Boolean" key="CHROME_DisableAutomationControl" displayKey="Disable AutomationControl" visible="true" required="false" />
    </Properties>
  </Step>
  <JobInfo>
    <Info name="Bot Version" value="3.1.000.01101" />
    <Info name="Resolution" value="3840 x 1080" />
    <Info name="Language" value="Português (Brasil)" />
    <Info name="BotID" value="DESIGNER-00146" />
  </JobInfo>
</Result>