2024-04-17 09:34:31,856 [T1] INFO  EngineStarter
BOT Engine Start - v3.1.000.01101
BOT ID: D_20240417_093431_290
BOT PID: 13940
BOT PPID: 10176
BOT Working Directory: C:\Users\rsmenezes1\AppData\Roaming\Brity RPA Designer

2024-04-17 09:34:31,866 [T1] INFO  EngineStarter
System Language: pt-BR
Resolution: 3840 x 1080

2024-04-17 09:34:32,036 [T1] INFO  Config
Initialize Config

2024-04-17 09:34:32,059 [T1] DEBUG Config
Config Loaded

2024-04-17 09:34:32,060 [T1] DEBUG Config
Backup config file.

2024-04-17 09:34:32,070 [T1] INFO  Config
Orchestrator Service => https://orch.sdsbrity.com:8777

2024-04-17 09:34:32,074 [T1] INFO  Config
Initialize Resource Config

2024-04-17 09:34:32,092 [T1] DEBUG Config
Refresh Language Information

2024-04-17 09:34:32,163 [T1] INFO  Config
All Config Initialized.

2024-04-17 09:34:32,165 [T1] DEBUG KeyManager
Initialize KeyManager

2024-04-17 09:34:32,168 [T1] DEBUG KeyManager
Device ID is initialized.

2024-04-17 09:34:32,189 [T1] INFO  CertLicenseClient
Initialize certificate.

2024-04-17 09:34:32,192 [T1] DEBUG CertLicenseClient
Set Security Protocol: Tls12

2024-04-17 09:34:32,212 [T5] DEBUG JobService
Connect to agent service

2024-04-17 09:34:32,218 [T1] DEBUG ApplicationInitializer
InitMode: Thread

2024-04-17 09:34:32,221 [T1] INFO  LibraryManager
Load Libraries - Started

2024-04-17 09:34:32,228 [T1] DEBUG AddInLoader
Load Assembly : IPA.Lib.Chrome

2024-04-17 09:34:32,317 [T5] DEBUG JobService
JobService URL : net.tcp://127.0.0.1:59001/rpa/agent

2024-04-17 09:34:32,318 [T5] DEBUG JobService
Open connection

2024-04-17 09:34:32,400 [T1] DEBUG AddInLoader
Load Assembly : IPA.Lib.Desktop

2024-04-17 09:34:32,490 [T5] DEBUG JobService
Register engine to agent

2024-04-17 09:34:32,534 [T1] DEBUG AddInLoader
Load Assembly : IPA.Lib.Excel

2024-04-17 09:34:32,569 [T5] DEBUG JobService
Engine is connected to agent service.

2024-04-17 09:34:32,569 [T5] DEBUG JobService
Owner Process PID: 10176

2024-04-17 09:34:32,573 [T5] INFO  JobService
Start monitoring owner process is terminated.

2024-04-17 09:34:32,646 [T1] DEBUG AddInLoader
Load Assembly : IPA.Lib.Flow

2024-04-17 09:34:32,715 [T1] DEBUG AddInLoader
Load Assembly : IPA.Lib.IE

2024-04-17 09:34:32,779 [T1] DEBUG AddInLoader
Load Assembly : IPA.Lib.ImageConverter

2024-04-17 09:34:32,823 [T1] DEBUG AddInLoader
Load Assembly : IPA.Lib.ImageRecognition

2024-04-17 09:34:32,942 [T1] DEBUG AddInLoader
Load Assembly : IPA.Lib.MicrosoftOCR

2024-04-17 09:34:32,980 [T1] DEBUG AddInLoader
Load Assembly : IPA.Lib.Net

2024-04-17 09:34:33,042 [T1] DEBUG AddInLoader
Load Assembly : IPA.Lib.Orchestra

2024-04-17 09:34:33,096 [T1] DEBUG AddInLoader
Load Assembly : IPA.Lib.ProcessFlow

2024-04-17 09:34:33,177 [T1] DEBUG AddInLoader
Load Assembly : IPA.Lib.SAP

2024-04-17 09:34:33,241 [T1] DEBUG AddInLoader
Load Assembly : IPA.Lib.Web

2024-04-17 09:34:33,314 [T1] DEBUG AddInLoader
Load Assembly : IPA.Lib.Win

2024-04-17 09:34:33,403 [T1] INFO  ScreenCapture
Default Screen Capture Bounds: -1920;0;3840;1080

2024-04-17 09:34:33,423 [T1] DEBUG AddInLoader
Load Assembly : BrityRPA.AddIn.NativeApp

2024-04-17 09:34:33,491 [T1] DEBUG AddInLoader
Load Assembly : BrityWorks.AddIn.Outlook

2024-04-17 09:34:33,535 [T1] DEBUG AddInLoader
Load Assembly : BrityWorks.AddIn.Pdf

2024-04-17 09:34:33,579 [T1] DEBUG LibraryManager
Load Library - Chrome

2024-04-17 09:34:33,581 [T1] DEBUG LibraryManager
Load Library - Desktop

2024-04-17 09:34:33,582 [T1] DEBUG LibraryManager
Load Library - Excel

2024-04-17 09:34:33,583 [T1] DEBUG LibraryManager
Load Library - Flow

2024-04-17 09:34:33,583 [T1] DEBUG LibraryManager
Load Library - IE

2024-04-17 09:34:33,583 [T1] DEBUG LibraryManager
Load Library - ImageConverter

2024-04-17 09:34:33,584 [T1] DEBUG LibraryManager
Load Library - ImageRecognition

2024-04-17 09:34:33,585 [T1] DEBUG LibraryManager
Load Library - MicrosoftOCR

2024-04-17 09:34:33,585 [T1] DEBUG LibraryManager
Load Library - NativeApp

2024-04-17 09:34:33,586 [T1] DEBUG LibraryManager
Load Library - Net

2024-04-17 09:34:33,587 [T1] DEBUG LibraryManager
Load Library - Orchestra

2024-04-17 09:34:33,587 [T1] DEBUG LibraryManager
Load Library - Outlook

2024-04-17 09:34:33,587 [T1] DEBUG LibraryManager
Load Library - Pdf

2024-04-17 09:34:33,587 [T1] DEBUG LibraryManager
Load Library - SAP

2024-04-17 09:34:33,588 [T1] DEBUG LibraryManager
Load Library - Web

2024-04-17 09:34:33,588 [T1] DEBUG LibraryManager
Load Library - Win

2024-04-17 09:34:33,588 [T1] DEBUG LibraryManager
Load Library - WorkFlow

2024-04-17 09:34:33,592 [T1] DEBUG LibraryManager
Load built-in script libraries

2024-04-17 09:34:33,666 [T1] INFO  LibraryManager
Load Libraries - Completed.

2024-04-17 09:34:33,671 [T1] INFO  App
Launch Arguments: Total: 6 |  -eid D_20240417_093431_290 -runtype ProcRunner -ppid 10176

2024-04-17 09:34:33,671 [T1] DEBUG Config
Refresh Language Information

2024-04-17 09:34:33,671 [T1] DEBUG LibraryManager
LibraryManager Initialized.

2024-04-17 09:34:40,475 [T6] INFO  JobService
Start Job: P_BuscaPelando (Foreground)
{
  "UsePIP": false,
  "UserID": null,
  "UserPWD": null,
  "IsRunning": false,
  "ResultMessage": null,
  "JobWorkDir": "C:\\Users\\rsmenezes1\\Documents\\Brity RPA Projects\\BuscaPelando\\Histories\\20240417_093440_P_BuscaPelando_Designer_20240417_093438_750",
  "JobLogDir": "C:\\Users\\rsmenezes1\\Documents\\Brity RPA Projects\\BuscaPelando\\Histories\\20240417_093440_P_BuscaPelando_Designer_20240417_093438_750\\Log",
  "JobScreenshotDir": "C:\\Users\\rsmenezes1\\Documents\\Brity RPA Projects\\BuscaPelando\\Histories\\20240417_093440_P_BuscaPelando_Designer_20240417_093438_750\\Log\\Screenshot",
  "TotalProcessStepCount": 0,
  "CurrentStepNo": 0,
  "CurrentStepName": null,
  "StartTime": "2024-04-17 09:34:40",
  "EndTime": null,
  "Data": null,
  "EngineID": "D_20240417_093431_290",
  "EnginePID": 0,
  "EngineRecommededVersion": "",
  "JobId": "Designer_20240417_093438_750",
  "JobType": 1,
  "UserAuthentication": null,
  "ProcessPath": "C:\\Users\\rsmenezes1\\Documents\\Brity RPA Projects\\BuscaPelando\\P_BuscaPelando.proc",
  "ProcessId": "555b061e-b28a-40a4-a60a-8b5af287d0c6",
  "ProcessVer": "",
  "ProcessArgs": null,
  "RequesterType": 3,
  "RequesterId": "designer",
  "RequesterPID": 10176,
  "OptionsJsonString": null,
  "TimeoutSec": 0,
  "State": 0
}

2024-04-17 09:34:40,588 [T8] DEBUG JobService
Waiting library loading...

2024-04-17 09:34:40,590 [T8] DEBUG Config
Reload User Settings

2024-04-17 09:34:40,590 [T8] INFO  Config
UserSettings Reloaded =>
 - LastExecution : izrI94Vq33cG0+UWhF18jpZjy6b0rK8V2RKx8J/NMPI= -> izrI94Vq33cG0+UWhF18jilV2KtdDi5mw/9ulocdg0o=

2024-04-17 09:34:40,590 [T8] INFO  JobService
Config Loading Completed.

2024-04-17 09:34:40,590 [T8] DEBUG JobService
Config Loading Time: 2 ms.

2024-04-17 09:34:40,596 [T8] INFO  JobManager
Create JobManager instance for job P_BuscaPelando(Designer_20240417_093438_750)

2024-04-17 09:34:40,601 [T8] INFO  JobRequest
Job ID : Designer_20240417_093438_750
Project Path  : C:\Users\rsmenezes1\Documents\Brity RPA Projects\BuscaPelando\BuscaPelando.proj
Process Name  : P_BuscaPelando
Engine Mode   : Designer
Requester Type: Designer
Requester PID : 10176

2024-04-17 09:34:40,601 [T4] INFO  JobRequest
Start Callback Sender

2024-04-17 09:34:40,601 [T4] DEBUG JobRequest
Step Callback Interval: 500

2024-04-17 09:34:40,640 [T8] DEBUG ProjectManager
Set Project Information

2024-04-17 09:34:40,657 [T8] INFO  PlayOptionManager
PlayOption
- Step Interval : 1
- Disable DrawBounds : False
- Invoke First : False
- Allow Upload of DumpScreen results : False

2024-04-17 09:34:40,657 [T8] INFO  JobRunner
Initialize Script Engine

2024-04-17 09:34:40,667 [TScriptEngine] INFO  JobRequest
##############################################################
### STATE: Initializing
##############################################################


2024-04-17 09:34:40,699 [T4] DEBUG JobRequest
Callback - State: Initializing


2024-04-17 09:34:41,228 [TScriptEngine] INFO  JobRequest
##############################################################
### STATE: Ready
##############################################################


2024-04-17 09:34:41,231 [T4] DEBUG JobRequest
Callback - State: Ready


2024-04-17 09:34:41,235 [T8] INFO  JobRunnerHook
HotKey Hook Started

2024-04-17 09:34:41,236 [T8] INFO  JobRequest
##############################################################
### STATE: Starting
##############################################################


2024-04-17 09:34:41,237 [TScriptEngine] INFO  JobRunner
RunProcess start

2024-04-17 09:34:41,238 [TScriptEngine] INFO  JobRequest
##############################################################
### STATE: Running
##############################################################


2024-04-17 09:34:41,238 [TScriptEngine] INFO  JobRequest
Last job life cycle state: Running

2024-04-17 09:34:41,246 [T4] DEBUG JobRequest
Callback - State: Starting


2024-04-17 09:34:41,262 [T4] DEBUG JobRequest
Callback - State: Running


2024-04-17 09:34:42,293 [TScriptEngine] DEBUG ScreenCapture
DirectX Screen Capture Initialized.

2024-04-17 09:34:42,425 [TScriptEngine] DEBUG JobRunner
DirectX ScreenCapture Checked.

2024-04-17 09:34:42,441 [TScriptEngine] INFO  JobRequest
##############################################################
### STATE: StartProcess - P_BuscaPelando
##############################################################
555b061e-b28a-40a4-a60a-8b5af287d0c6
P_BuscaPelando


2024-04-17 09:34:42,484 [TScriptEngine] INFO  JobRequest
**************************************************************
*** TASK: P_BuscaPelando
**************************************************************
 - STEP 1: S86f16690686645bc8439a8b2b452cd83 (1/13) - (1/13)
 - [1] ExecuteScript


2024-04-17 09:34:42,542 [TScriptEngine] INFO  JobRequest
 - STEP 2: S4d3ff38410c5455b826d43d87cf49cd8 (2/13) - (2/13)
 - [2] ChromeOpen


2024-04-17 09:34:44,673 [T8] DEBUG ChromeRemoteConnect
GetRemoteBrowserUsingEndPoint Fail : Um ou mais erros.

2024-04-17 09:34:44,704 [T8] DEBUG ChromeCommonExtension
extension default locale empty

2024-04-17 09:34:44,822 [T8] DEBUG ChromeCommonExtension
extension default locale empty

2024-04-17 09:34:45,489 [TScriptEngine] INFO  JobRequest
 - STEP 3: S624c8996017a425fb225ac6efd585f38 (3/13) - (3/13)
 - [3] OpenExcel


2024-04-17 09:34:45,499 [TScriptEngine] ERROR OpenExcel
There is no file in file path. Please check again.
=> Path: C:\BuscarProdutos

2024-04-17 09:34:45,499 [TScriptEngine] ERROR OpenExcel
There is no file in file path. Please check again.
=> Path: C:\BuscarProdutos

2024-04-17 09:34:45,500 [TScriptEngine] DEBUG ExcelBase
DisposeExcel

2024-04-17 09:34:55,788 [TScriptEngine] INFO  JobRunner
Stop Job Runner - Cause: LocalUser / Message: Catch Step Exception

2024-04-17 09:34:55,788 [TScriptEngine] INFO  JobRequest
##############################################################
### STATE: Stopping
##############################################################
Catch Step Exception


2024-04-17 09:34:55,793 [TScriptEngine] WARN  ScriptSupport
[CATCH_STEP_EXCEPTION] Process: P_BuscaPelando
Step: OpenExcel (3/13)

Error: There is no file in file path. Please check again.
=> Path: C:\BuscarProdutos

2024-04-17 09:34:55,801 [T4] DEBUG JobRequest
Callback - State: Stopping
Catch Step Exception

2024-04-17 09:34:55,804 [TScriptEngine] FINE  JobRunner
RunTask ExceptionOccured. TASK: P_BuscaPelando => There is no file in file path. Please check again.
=> Path: C:\BuscarProdutos

2024-04-17 09:34:55,813 [TScriptEngine] INFO  JobRequest
##############################################################
### STATE: EndProcess - P_BuscaPelando
##############################################################
555b061e-b28a-40a4-a60a-8b5af287d0c6
P_BuscaPelando


2024-04-17 09:34:55,832 [TScriptEngine] DEBUG JobManager
Set Result State: Stopped

2024-04-17 09:34:55,836 [TScriptEngine] INFO  JobRunner
Make report.

2024-04-17 09:34:55,875 [TScriptEngine] INFO  JobRunner
Start to clean up resources.

2024-04-17 09:34:55,875 [TScriptEngine] DEBUG JobRunner
OnProcessCompleted

2024-04-17 09:34:55,875 [T24] DEBUG JobRunner
Start timer for checking the job to be completed.

2024-04-17 09:34:55,876 [TScriptEngine] INFO  JobRunner
Start to clean up resources.

2024-04-17 09:34:55,877 [TScriptEngine] DEBUG JobRunner
Remove all libraries

2024-04-17 09:34:55,878 [TScriptEngine] DEBUG NetPlayer
WebPlayer OnDispose

2024-04-17 09:34:55,879 [TScriptEngine] DEBUG WebPlayer
WebPlayer OnDispose : Do Nothing

2024-04-17 09:34:55,881 [TScriptEngine] DEBUG UiaAppHelper
WinHelper DisposeAppList Count: 0

2024-04-17 09:34:55,881 [TScriptEngine] INFO  JobRunner
All Resources Clear

2024-04-17 09:34:55,883 [TScriptEngine] DEBUG JobRunner
OnCompleted

2024-04-17 09:34:55,883 [TScriptEngine] DEBUG JobRunner
SendJobResult: Stopped

2024-04-17 09:34:55,883 [TScriptEngine] INFO  JobRequest
##############################################################
### STATE: Stopped
##############################################################
Process: P_BuscaPelando

Process: P_BuscaPelando
Step: OpenExcel (3/13)
There is no file in file path. Please check again.
=> Path: C:\BuscarProdutos


2024-04-17 09:34:55,883 [TScriptEngine] INFO  JobRequest
Last job life cycle state: Stopped

2024-04-17 09:34:55,883 [TScriptEngine] INFO  JobRequest
Update skipped current step informations.

2024-04-17 09:34:55,890 [TScriptEngine] INFO  JobRequest
##############################################################
### JOB COMPLETED
##############################################################


2024-04-17 09:34:55,892 [T4] DEBUG JobRequest
Callback - State: Stopped
Process: P_BuscaPelando

Process: P_BuscaPelando
Step: OpenExcel (3/13)
There is no file in file path. Please check again.
=> Path: C:\BuscarProdutos

2024-04-17 09:34:55,893 [T4] INFO  JobRequest
Callback - EngineClosed

2024-04-17 09:34:55,893 [T4] INFO  JobService
Disconnect agent service

2024-04-17 09:34:55,906 [TScriptEngine] INFO  JobRunner
RunProcess end

2024-04-17 09:34:55,906 [T1] INFO  JobService
Exit - Shutdown Engine BOT

