<?xml version="1.0" encoding="utf-8"?>
<Result id="555b061e-b28a-40a4-a60a-8b5af287d0c6" name="P_BuscaPelando" result="Stop" detail="The variable 'this.pelando' already has a browser set through ChromeOpen and cannot be overwritten.&#xA;Please change the variable specified in Output or try again after closing the browser through ChromeClose.&#xA;&#xA;Process: P_BuscaPelando&#xA;&#xA;Process: P_BuscaPelando&#xA;Step: ChromeOpen (2/13)&#xA;The variable 'this.pelando' already has a browser set through ChromeOpen and cannot be overwritten.&#xA;Please change the variable specified in Output or try again after closing the browser through ChromeClose.&#xA;&#xA;-- Recent Warning Messages --&#xA;Process: P_BuscaPelando&#xA;Step: ChromeOpen (2/13)&#xA;&#xA;Error: The variable 'this.pelando' already has a browser set through ChromeOpen and cannot be overwritten.&#xA;Please change the variable specified in Output or try again after closing the browser through ChromeClose." start="2024-04-17T12:34:21.923" end="2024-04-17T12:34:31.179" jobId="Designer_20240417_093412_304">
  <Step id="S86f16690686645bc8439a8b2b452cd83" taskName="P_BuscaPelando" type="Flow" name="ExecuteScript" displayName="ExecuteScript" callDepth="1" depth="1" num="1" result="Pass" start="2024-04-17T12:34:21.964" end="2024-04-17T12:34:22.013" displayTime="0s">
    <Variables />
    <Properties setIndex="0">
      <Property value="" runtimeType="String" key="Options_OnError" displayKey="On Error" visible="true" required="false" />
      <Property value="" runtimeType="String" key="Key_Description" displayKey="Description" visible="true" required="false" />
      <Property value="'Initial variable'" runtimeType="String" key="Conditions_Title" displayKey="Title" visible="true" required="true" />
      <Property value="&lt;Too Long&gt; this.urlPelando = 'https://www.pelando.com.br/'&#xD;&#xA;&#xD;&#xA;this.excelPath = 'C:\\BuscarProdutos'&#xD;&#xA;&#xD;&#xA;this.col ... 116 more" runtimeType="String" key="Key_Script" displayKey="Script" visible="true" required="false" />
    </Properties>
  </Step>
  <Step id="S4d3ff38410c5455b826d43d87cf49cd8" taskName="P_BuscaPelando" type="Chrome" name="ChromeOpen" displayName="ChromeOpen" callDepth="1" depth="1" num="2" result="Fail" start="2024-04-17T12:34:22.020" end="2024-04-17T12:34:31.151" displayTime="9.1s">
    <Variables />
    <Properties setIndex="0">
      <Property value="" runtimeType="String" key="Options_OnError" displayKey="On Error" visible="true" required="false" />
      <Property value="" runtimeType="String" key="Key_Description" displayKey="Description" visible="true" required="false" />
      <Property value="this.pelando : &lt;undefined&gt;" runtimeType="Undefined" key="CHROME_Browser" displayKey="Browser" visible="true" required="true" />
      <Property value="Chrome" runtimeType="String" key="CHROME_TypeOfBrowser" displayKey="Browser Type" visible="true" required="false" />
      <Property value="false" runtimeType="Boolean" key="CHROME_BrowserType" displayKey="Headless Mode" visible="true" required="false" />
      <Property value="'https://www.pelando.com.br/'" runtimeType="String" key="CHROME_URL" displayKey="URL" visible="true" required="true" />
      <Property value="" runtimeType="String" key="CHROME_ChromePath" displayKey="Browser Path" visible="true" required="false" />
      <Property value="true" runtimeType="Boolean" key="CHROME_Maximize" displayKey="Maximize" visible="true" required="false" />
      <Property value="60" runtimeType="Integer" key="CHROME_WaitTimeSec" displayKey="Page Load Timeout" visible="true" required="false" />
      <Property value="" runtimeType="String" key="CHROME_ExtensionList" displayKey="Included Extensions" visible="true" required="false" />
      <Property value="" runtimeType="String" key="CHROME_DownloadPath" displayKey="Download Path" visible="true" required="false" />
      <Property value="false" runtimeType="Boolean" key="CHROME_WindowsAccountPermissions" displayKey="Windows Account Permissions" visible="true" required="false" />
      <Property value="" runtimeType="String" key="CHROME_UserAgent" displayKey="User Agent" visible="true" required="false" />
      <Property value="false" runtimeType="Boolean" key="CHROME_DisableAutomationControl" displayKey="Disable AutomationControl" visible="true" required="false" />
    </Properties>
  </Step>
  <JobInfo>
    <Info name="Bot Version" value="3.1.000.01101" />
    <Info name="Resolution" value="3840 x 1080" />
    <Info name="Language" value="Português (Brasil)" />
    <Info name="BotID" value="DESIGNER-00146" />
  </JobInfo>
</Result>