2024-04-22 11:51:23,968 [T1] INFO  EngineStarter
BOT Engine Start - v3.1.000.01101
BOT ID: D_20240422_115123_505
BOT PID: 18412
BOT PPID: 5068
BOT Working Directory: C:\Users\rsouz\AppData\Roaming\Brity RPA Designer

2024-04-22 11:51:23,978 [T1] INFO  EngineStarter
System Language: pt-BR
Resolution: 1920 x 1080

2024-04-22 11:51:24,122 [T1] INFO  Config
Initialize Config

2024-04-22 11:51:24,144 [T1] DEBUG Config
Config Loaded

2024-04-22 11:51:24,144 [T1] DEBUG Config
Backup config file.

2024-04-22 11:51:24,150 [T1] INFO  Config
Orchestrator Service => https://orch.sdsbrity.com:8777

2024-04-22 11:51:24,152 [T1] INFO  Config
Initialize Resource Config

2024-04-22 11:51:24,170 [T1] DEBUG Config
Refresh Language Information

2024-04-22 11:51:24,222 [T1] INFO  Config
All Config Initialized.

2024-04-22 11:51:24,224 [T1] DEBUG KeyManager
Initialize KeyManager

2024-04-22 11:51:24,227 [T1] DEBUG KeyManager
Device ID is initialized.

2024-04-22 11:51:24,250 [T1] INFO  CertLicenseClient
Initialize certificate.

2024-04-22 11:51:24,252 [T1] DEBUG CertLicenseClient
Set Security Protocol: Tls12

2024-04-22 11:51:24,271 [T5] DEBUG JobService
Connect to agent service

2024-04-22 11:51:24,277 [T1] DEBUG ApplicationInitializer
InitMode: Thread

2024-04-22 11:51:24,280 [T1] INFO  LibraryManager
Load Libraries - Started

2024-04-22 11:51:24,287 [T1] DEBUG AddInLoader
Load Assembly : IPA.Lib.Chrome

2024-04-22 11:51:24,366 [T5] DEBUG JobService
JobService URL : net.tcp://127.0.0.1:59001/rpa/agent

2024-04-22 11:51:24,367 [T5] DEBUG JobService
Open connection

2024-04-22 11:51:24,465 [T1] DEBUG AddInLoader
Load Assembly : IPA.Lib.Desktop

2024-04-22 11:51:24,536 [T5] DEBUG JobService
Register engine to agent

2024-04-22 11:51:24,565 [T1] DEBUG AddInLoader
Load Assembly : IPA.Lib.Excel

2024-04-22 11:51:24,615 [T5] DEBUG JobService
Engine is connected to agent service.

2024-04-22 11:51:24,615 [T5] DEBUG JobService
Owner Process PID: 5068

2024-04-22 11:51:24,624 [T5] INFO  JobService
Start monitoring owner process is terminated.

2024-04-22 11:51:24,665 [T1] DEBUG AddInLoader
Load Assembly : IPA.Lib.Flow

2024-04-22 11:51:24,732 [T1] DEBUG AddInLoader
Load Assembly : IPA.Lib.IE

2024-04-22 11:51:24,790 [T1] DEBUG AddInLoader
Load Assembly : IPA.Lib.ImageConverter

2024-04-22 11:51:24,825 [T1] DEBUG AddInLoader
Load Assembly : IPA.Lib.ImageRecognition

2024-04-22 11:51:24,927 [T1] DEBUG AddInLoader
Load Assembly : IPA.Lib.MicrosoftOCR

2024-04-22 11:51:24,959 [T1] DEBUG AddInLoader
Load Assembly : IPA.Lib.Net

2024-04-22 11:51:25,011 [T1] DEBUG AddInLoader
Load Assembly : IPA.Lib.Orchestra

2024-04-22 11:51:25,054 [T1] DEBUG AddInLoader
Load Assembly : IPA.Lib.ProcessFlow

2024-04-22 11:51:25,103 [T1] DEBUG AddInLoader
Load Assembly : IPA.Lib.SAP

2024-04-22 11:51:25,148 [T1] DEBUG AddInLoader
Load Assembly : IPA.Lib.Web

2024-04-22 11:51:25,204 [T1] DEBUG AddInLoader
Load Assembly : IPA.Lib.Win

2024-04-22 11:51:25,273 [T1] INFO  ScreenCapture
Default Screen Capture Bounds: 0;0;1920;1080

2024-04-22 11:51:25,295 [T1] DEBUG AddInLoader
Load Assembly : BrityRPA.AddIn.NativeApp

2024-04-22 11:51:25,359 [T1] DEBUG AddInLoader
Load Assembly : BrityWorks.AddIn.Outlook

2024-04-22 11:51:25,405 [T1] DEBUG AddInLoader
Load Assembly : BrityWorks.AddIn.Pdf

2024-04-22 11:51:25,444 [T1] DEBUG LibraryManager
Load Library - Chrome

2024-04-22 11:51:25,445 [T1] DEBUG LibraryManager
Load Library - Desktop

2024-04-22 11:51:25,446 [T1] DEBUG LibraryManager
Load Library - Excel

2024-04-22 11:51:25,447 [T1] DEBUG LibraryManager
Load Library - Flow

2024-04-22 11:51:25,447 [T1] DEBUG LibraryManager
Load Library - IE

2024-04-22 11:51:25,447 [T1] DEBUG LibraryManager
Load Library - ImageConverter

2024-04-22 11:51:25,447 [T1] DEBUG LibraryManager
Load Library - ImageRecognition

2024-04-22 11:51:25,448 [T1] DEBUG LibraryManager
Load Library - MicrosoftOCR

2024-04-22 11:51:25,448 [T1] DEBUG LibraryManager
Load Library - NativeApp

2024-04-22 11:51:25,450 [T1] DEBUG LibraryManager
Load Library - Net

2024-04-22 11:51:25,450 [T1] DEBUG LibraryManager
Load Library - Orchestra

2024-04-22 11:51:25,450 [T1] DEBUG LibraryManager
Load Library - Outlook

2024-04-22 11:51:25,451 [T1] DEBUG LibraryManager
Load Library - Pdf

2024-04-22 11:51:25,451 [T1] DEBUG LibraryManager
Load Library - SAP

2024-04-22 11:51:25,451 [T1] DEBUG LibraryManager
Load Library - Web

2024-04-22 11:51:25,451 [T1] DEBUG LibraryManager
Load Library - Win

2024-04-22 11:51:25,452 [T1] DEBUG LibraryManager
Load Library - WorkFlow

2024-04-22 11:51:25,455 [T1] DEBUG LibraryManager
Load built-in script libraries

2024-04-22 11:51:25,525 [T1] INFO  LibraryManager
Load Libraries - Completed.

2024-04-22 11:51:25,530 [T1] INFO  App
Launch Arguments: Total: 6 |  -eid D_20240422_115123_505 -runtype ProcRunner -ppid 5068

2024-04-22 11:51:25,532 [T1] DEBUG Config
Refresh Language Information

2024-04-22 11:51:25,532 [T1] DEBUG LibraryManager
LibraryManager Initialized.

2024-04-22 11:54:49,036 [T6] INFO  JobService
Start Job: P_BuscaPelando (Foreground)
{
  "UsePIP": false,
  "UserID": null,
  "UserPWD": null,
  "IsRunning": false,
  "ResultMessage": null,
  "JobWorkDir": "C:\\Users\\rsouz\\OneDrive\\Documentos\\BuscaPelando\\BuscaPelando\\Histories\\20240422_115448_P_BuscaPelando_Designer_20240422_115443_044",
  "JobLogDir": "C:\\Users\\rsouz\\OneDrive\\Documentos\\BuscaPelando\\BuscaPelando\\Histories\\20240422_115448_P_BuscaPelando_Designer_20240422_115443_044\\Log",
  "JobScreenshotDir": "C:\\Users\\rsouz\\OneDrive\\Documentos\\BuscaPelando\\BuscaPelando\\Histories\\20240422_115448_P_BuscaPelando_Designer_20240422_115443_044\\Log\\Screenshot",
  "TotalProcessStepCount": 0,
  "CurrentStepNo": 0,
  "CurrentStepName": null,
  "StartTime": "2024-04-22 11:54:48",
  "EndTime": null,
  "Data": null,
  "EngineID": "D_20240422_115123_505",
  "EnginePID": 0,
  "EngineRecommededVersion": "",
  "JobId": "Designer_20240422_115443_044",
  "JobType": 1,
  "UserAuthentication": null,
  "ProcessPath": "C:\\Users\\rsouz\\OneDrive\\Documentos\\BuscaPelando\\BuscaPelando\\P_BuscaPelando.proc",
  "ProcessId": "555b061e-b28a-40a4-a60a-8b5af287d0c6",
  "ProcessVer": "",
  "ProcessArgs": null,
  "RequesterType": 3,
  "RequesterId": "designer",
  "RequesterPID": 5068,
  "OptionsJsonString": null,
  "TimeoutSec": 0,
  "State": 0
}

2024-04-22 11:54:49,149 [T7] DEBUG JobService
Waiting library loading...

2024-04-22 11:54:49,150 [T7] DEBUG Config
Reload User Settings

2024-04-22 11:54:49,151 [T7] INFO  Config
UserSettings Reloaded =>
 - LastExecution : mKDGEGtCxnu4UGSW4AO57Dk6DDzmNJo4EKY7ghmsr7o= -> 0jJHzJPqcz1Bvn6s0tZaF6jHShuaoEKVpXKM+L5FGN4=

2024-04-22 11:54:49,151 [T7] INFO  JobService
Config Loading Completed.

2024-04-22 11:54:49,151 [T7] DEBUG JobService
Config Loading Time: 1 ms.

2024-04-22 11:54:49,157 [T7] INFO  JobManager
Create JobManager instance for job P_BuscaPelando(Designer_20240422_115443_044)

2024-04-22 11:54:49,161 [T11] INFO  JobRequest
Start Callback Sender

2024-04-22 11:54:49,161 [T11] DEBUG JobRequest
Step Callback Interval: 500

2024-04-22 11:54:49,161 [T7] INFO  JobRequest
Job ID : Designer_20240422_115443_044
Project Path  : C:\Users\rsouz\OneDrive\Documentos\BuscaPelando\BuscaPelando\BuscaPelando.proj
Process Name  : P_BuscaPelando
Engine Mode   : Designer
Requester Type: Designer
Requester PID : 5068

2024-04-22 11:54:49,194 [T7] DEBUG ProjectManager
Set Project Information

2024-04-22 11:54:49,210 [T7] INFO  PlayOptionManager
PlayOption
- Step Interval : 1
- Disable DrawBounds : False
- Invoke First : False
- Allow Upload of DumpScreen results : False

2024-04-22 11:54:49,211 [T7] INFO  JobRunner
Initialize Script Engine

2024-04-22 11:54:49,236 [TScriptEngine] INFO  JobRequest
##############################################################
### STATE: Initializing
##############################################################


2024-04-22 11:54:49,259 [T11] DEBUG JobRequest
Callback - State: Initializing


2024-04-22 11:54:49,752 [TScriptEngine] INFO  JobRequest
##############################################################
### STATE: Ready
##############################################################


2024-04-22 11:54:49,760 [T7] INFO  JobRunnerHook
HotKey Hook Started

2024-04-22 11:54:49,760 [T7] INFO  JobRequest
##############################################################
### STATE: Starting
##############################################################


2024-04-22 11:54:49,761 [TScriptEngine] INFO  JobRunner
RunProcess start

2024-04-22 11:54:49,762 [TScriptEngine] INFO  JobRequest
##############################################################
### STATE: Running
##############################################################


2024-04-22 11:54:49,762 [TScriptEngine] INFO  JobRequest
Last job life cycle state: Running

2024-04-22 11:54:49,765 [T11] DEBUG JobRequest
Callback - State: Ready


2024-04-22 11:54:49,765 [T11] DEBUG JobRequest
Callback - State: Starting


2024-04-22 11:54:49,781 [T11] DEBUG JobRequest
Callback - State: Running


2024-04-22 11:54:49,853 [TScriptEngine] WARN  ProcessDataValidator
It can be occurred a malfunction to play P_BuscaPelando,
because this system is different from designed system environment.
(OS, Resolution, etc)

2024-04-22 11:54:50,618 [TScriptEngine] DEBUG ScreenCapture
DirectX Screen Capture Initialized.

2024-04-22 11:54:50,688 [TScriptEngine] DEBUG JobRunner
DirectX ScreenCapture Checked.

2024-04-22 11:54:50,709 [TScriptEngine] INFO  JobRequest
##############################################################
### STATE: StartProcess - P_BuscaPelando
##############################################################
555b061e-b28a-40a4-a60a-8b5af287d0c6
P_BuscaPelando


2024-04-22 11:54:50,748 [TScriptEngine] INFO  JobRequest
**************************************************************
*** TASK: P_BuscaPelando
**************************************************************
 - STEP 1: S86f16690686645bc8439a8b2b452cd83 (1/24) - (1/22)
 - [1] ExecuteScript


2024-04-22 11:54:50,806 [TScriptEngine] INFO  JobRequest
 - STEP 2: S4d3ff38410c5455b826d43d87cf49cd8 (2/24) - (2/22)
 - [2] ChromeOpen


2024-04-22 11:54:52,942 [T12] DEBUG ChromeRemoteConnect
GetRemoteBrowserUsingEndPoint Fail : Um ou mais erros.

2024-04-22 11:54:52,973 [T12] DEBUG ChromeCommonExtension
extension default locale empty

2024-04-22 11:54:52,975 [T12] DEBUG ChromeCommonExtension
extension default locale empty

2024-04-22 11:54:52,975 [T12] DEBUG ChromeCommonExtension
extension default locale empty

2024-04-22 11:54:52,975 [T12] DEBUG ChromeCommonExtension
extension default locale empty

2024-04-22 11:54:55,011 [T12] DEBUG ChromeCommonExtension
extension default locale empty

2024-04-22 11:54:55,012 [T12] DEBUG ChromeCommonExtension
extension default locale empty

2024-04-22 11:54:55,012 [T12] DEBUG ChromeCommonExtension
extension default locale empty

2024-04-22 11:54:55,013 [T12] DEBUG ChromeCommonExtension
extension default locale empty

2024-04-22 11:54:56,778 [TScriptEngine] INFO  JobRequest
 - STEP 3: S03561362f69e48408b702ca4b8714b67 (3/24) - (3/22)
 - [3] OpenExcel


2024-04-22 11:54:58,304 [TScriptEngine] INFO  JobRequest
 - STEP 4: S584a8a33bcbf4374b5d2845290c8d9b2 (4/24) - (4/22)
 - [4] GetRowCount


2024-04-22 11:54:58,457 [TScriptEngine] INFO  JobRequest
 - STEP 5: S8b8d108e00ed4c2ba96a9f2ae5f44746 (5/24) - (5/22)
 - [5] For


2024-04-22 11:54:58,473 [TScriptEngine] INFO  JobRequest
 - STEP 6: S81addd046cc34e86adc068f41f9de701 (6/24) - (6/22)
 - [6] ReadString


2024-04-22 11:54:58,609 [TScriptEngine] INFO  JobRequest
 - STEP 7: S6168511069a04932a8552b7ca7518a8e (7/24) - (7/22)
 - [7] ChromeSetText


2024-04-22 11:55:11,255 [TScriptEngine] INFO  JobRequest
 - STEP 8: S1a0ab2948c84411ba5de633436320dca (8/24) - (8/22)
 - [8] ChromeClick


2024-04-22 11:55:11,472 [TScriptEngine] INFO  JobRequest
 - STEP 9: S20620cb234734489b2e4321a3335cb99 (9/24) - (9/22)
 - [9] Delay


2024-04-22 11:55:21,492 [TScriptEngine] INFO  JobRequest
 - STEP 10: Sd154f94205ee4ffe849849fea7680492 (10/24) - (10/22)
 - [10] ChromeClick


2024-04-22 11:55:22,254 [TScriptEngine] INFO  JobRequest
 - STEP 11: S1d6e4894fb7b4b96b373622eece1859e (11/24) - (11/22)
 - [11] ChromeGetData


2024-04-22 11:55:25,417 [TScriptEngine] INFO  JobRequest
 - STEP 12: Se82318a5b08c47289602507ec23ac06d (12/24) - (12/22)
 - [12] WriteString


2024-04-22 11:55:25,618 [TScriptEngine] INFO  JobRequest
 - STEP 13: S8cded2de3e2c4c46995795bc622ea7f9 (13/24) - (13/22)
 - [13] IfThen


2024-04-22 11:55:25,634 [TScriptEngine] INFO  JobRequest
 - STEP 14: Sb7a320f182fb4bacbe60fdf31089cb3f (14/24) - (14/22)
 - [14] Continue


2024-04-22 11:55:25,649 [TScriptEngine] INFO  JobRequest
 - STEP 15: S81addd046cc34e86adc068f41f9de701 (6/24) - (14/22)
 - [6] ReadString


2024-04-22 11:55:25,725 [TScriptEngine] INFO  JobRequest
 - STEP 16: S6168511069a04932a8552b7ca7518a8e (7/24) - (14/22)
 - [7] ChromeSetText


2024-04-22 11:55:37,992 [TScriptEngine] INFO  JobRequest
 - STEP 17: S1a0ab2948c84411ba5de633436320dca (8/24) - (14/22)
 - [8] ChromeClick


2024-04-22 11:55:38,191 [TScriptEngine] INFO  JobRequest
 - STEP 18: S20620cb234734489b2e4321a3335cb99 (9/24) - (14/22)
 - [9] Delay


2024-04-22 11:55:48,217 [TScriptEngine] INFO  JobRequest
 - STEP 19: Sd154f94205ee4ffe849849fea7680492 (10/24) - (14/22)
 - [10] ChromeClick


2024-04-22 11:56:01,738 [TScriptEngine] INFO  JobRequest
 - STEP 20: S1d6e4894fb7b4b96b373622eece1859e (11/24) - (14/22)
 - [11] ChromeGetData


2024-04-22 11:56:23,800 [TScriptEngine] DEBUG ChromeFind
Chrome Find Wrapper : The object was not found.
Please re-specify the object.

2024-04-22 11:56:25,352 [T14] INFO  JobService
PauseJob

2024-04-22 11:56:25,352 [T14] INFO  JobRunner
Try Pause

2024-04-22 11:56:25,352 [T14] INFO  JobRequest
##############################################################
### STATE: Paused
##############################################################


2024-04-22 11:56:25,352 [T14] INFO  JobRequest
Last job life cycle state: Paused

2024-04-22 11:56:25,364 [T11] DEBUG JobRequest
Callback - State: Paused


2024-04-22 11:56:28,097 [T14] INFO  JobService
Stop Job

2024-04-22 11:56:28,098 [T14] INFO  JobRunner
Stop Job Runner - Cause: LocalUser / Message: stop by user

2024-04-22 11:56:28,099 [T14] INFO  JobRequest
##############################################################
### STATE: Stopping
##############################################################
stop by user


2024-04-22 11:56:28,114 [T11] DEBUG JobRequest
Callback - State: Stopping
stop by user

2024-04-22 11:56:29,496 [TScriptEngine] WARN  ScriptSupport
[CATCH_STEP_EXCEPTION] Process: P_BuscaPelando
Step: ChromeGetData (11/24)

Error: The object was not found.
Please re-specify the object.

2024-04-22 11:56:29,499 [TScriptEngine] FINE  JobRunner
RunTask ExceptionOccured. TASK: P_BuscaPelando => The object was not found.
Please re-specify the object.

2024-04-22 11:56:29,513 [TScriptEngine] INFO  JobRequest
##############################################################
### STATE: EndProcess - P_BuscaPelando
##############################################################
555b061e-b28a-40a4-a60a-8b5af287d0c6
P_BuscaPelando


2024-04-22 11:56:29,525 [TScriptEngine] DEBUG JobManager
Set Result State: Stopped

2024-04-22 11:56:29,528 [TScriptEngine] INFO  JobRunner
Make report.

2024-04-22 11:56:29,585 [TScriptEngine] INFO  JobRunner
Start to clean up resources.

2024-04-22 11:56:29,586 [TScriptEngine] DEBUG JobRunner
OnProcessCompleted

2024-04-22 11:56:29,586 [T7] DEBUG JobRunner
Start timer for checking the job to be completed.

2024-04-22 11:56:29,588 [TScriptEngine] DEBUG ExcelBase
DisposeExcel

2024-04-22 11:56:29,607 [TScriptEngine] INFO  JobRunner
Start to clean up resources.

2024-04-22 11:56:29,608 [TScriptEngine] DEBUG JobRunner
Remove all libraries

2024-04-22 11:56:29,609 [TScriptEngine] DEBUG NetPlayer
WebPlayer OnDispose

2024-04-22 11:56:29,610 [TScriptEngine] DEBUG WebPlayer
WebPlayer OnDispose : Do Nothing

2024-04-22 11:56:29,612 [TScriptEngine] DEBUG UiaAppHelper
WinHelper DisposeAppList Count: 0

2024-04-22 11:56:29,612 [TScriptEngine] INFO  JobRunner
All Resources Clear

2024-04-22 11:56:29,613 [TScriptEngine] DEBUG JobRunner
OnCompleted

2024-04-22 11:56:29,613 [TScriptEngine] DEBUG JobRunner
SendJobResult: Stopped

2024-04-22 11:56:29,613 [TScriptEngine] INFO  JobRequest
##############################################################
### STATE: Stopped
##############################################################
Process: P_BuscaPelando

Process: P_BuscaPelando
Step: ChromeGetData (11/24)
The object was not found.
Please re-specify the object.


2024-04-22 11:56:29,613 [TScriptEngine] INFO  JobRequest
Last job life cycle state: Stopped

2024-04-22 11:56:29,617 [TScriptEngine] INFO  JobRequest
##############################################################
### JOB COMPLETED
##############################################################


2024-04-22 11:56:29,632 [T11] DEBUG JobRequest
Callback - State: Stopped
Process: P_BuscaPelando

Process: P_BuscaPelando
Step: ChromeGetData (11/24)
The object was not found.
Please re-specify the object.

2024-04-22 11:56:29,632 [T11] INFO  JobRequest
Callback - EngineClosed

2024-04-22 11:56:29,633 [T11] INFO  JobService
Disconnect agent service

2024-04-22 11:56:29,644 [T11] DEBUG JobRequest
End of Callback Sender

2024-04-22 11:56:29,648 [TScriptEngine] INFO  JobRunner
RunProcess end

2024-04-22 11:56:29,649 [T1] INFO  JobService
Exit - Shutdown Engine BOT

