2024-04-22 12:11:49,424 [T1] INFO  EngineStarter
BOT Engine Start - v3.1.000.01101
BOT ID: D_20240422_121148_967
BOT PID: 23264
BOT PPID: 5068
BOT Working Directory: C:\Users\rsouz\AppData\Roaming\Brity RPA Designer

2024-04-22 12:11:49,434 [T1] INFO  EngineStarter
System Language: pt-BR
Resolution: 1920 x 1080

2024-04-22 12:11:49,576 [T1] INFO  Config
Initialize Config

2024-04-22 12:11:49,599 [T1] DEBUG Config
Config Loaded

2024-04-22 12:11:49,599 [T1] DEBUG Config
Backup config file.

2024-04-22 12:11:49,604 [T1] INFO  Config
Orchestrator Service => https://orch.sdsbrity.com:8777

2024-04-22 12:11:49,606 [T1] INFO  Config
Initialize Resource Config

2024-04-22 12:11:49,625 [T1] DEBUG Config
Refresh Language Information

2024-04-22 12:11:49,678 [T1] INFO  Config
All Config Initialized.

2024-04-22 12:11:49,680 [T1] DEBUG KeyManager
Initialize KeyManager

2024-04-22 12:11:49,683 [T1] DEBUG KeyManager
Device ID is initialized.

2024-04-22 12:11:49,705 [T1] INFO  CertLicenseClient
Initialize certificate.

2024-04-22 12:11:49,707 [T1] DEBUG CertLicenseClient
Set Security Protocol: Tls12

2024-04-22 12:11:49,725 [T5] DEBUG JobService
Connect to agent service

2024-04-22 12:11:49,732 [T1] DEBUG ApplicationInitializer
InitMode: Thread

2024-04-22 12:11:49,736 [T1] INFO  LibraryManager
Load Libraries - Started

2024-04-22 12:11:49,742 [T1] DEBUG AddInLoader
Load Assembly : IPA.Lib.Chrome

2024-04-22 12:11:49,819 [T5] DEBUG JobService
JobService URL : net.tcp://127.0.0.1:59001/rpa/agent

2024-04-22 12:11:49,820 [T5] DEBUG JobService
Open connection

2024-04-22 12:11:49,935 [T1] DEBUG AddInLoader
Load Assembly : IPA.Lib.Desktop

2024-04-22 12:11:49,990 [T5] DEBUG JobService
Register engine to agent

2024-04-22 12:11:50,035 [T1] DEBUG AddInLoader
Load Assembly : IPA.Lib.Excel

2024-04-22 12:11:50,067 [T5] DEBUG JobService
Engine is connected to agent service.

2024-04-22 12:11:50,067 [T5] DEBUG JobService
Owner Process PID: 5068

2024-04-22 12:11:50,076 [T5] INFO  JobService
Start monitoring owner process is terminated.

2024-04-22 12:11:50,136 [T1] DEBUG AddInLoader
Load Assembly : IPA.Lib.Flow

2024-04-22 12:11:50,204 [T1] DEBUG AddInLoader
Load Assembly : IPA.Lib.IE

2024-04-22 12:11:50,263 [T1] DEBUG AddInLoader
Load Assembly : IPA.Lib.ImageConverter

2024-04-22 12:11:50,318 [T1] DEBUG AddInLoader
Load Assembly : IPA.Lib.ImageRecognition

2024-04-22 12:11:50,435 [T1] DEBUG AddInLoader
Load Assembly : IPA.Lib.MicrosoftOCR

2024-04-22 12:11:50,472 [T1] DEBUG AddInLoader
Load Assembly : IPA.Lib.Net

2024-04-22 12:11:50,518 [T1] DEBUG AddInLoader
Load Assembly : IPA.Lib.Orchestra

2024-04-22 12:11:50,563 [T1] DEBUG AddInLoader
Load Assembly : IPA.Lib.ProcessFlow

2024-04-22 12:11:50,611 [T1] DEBUG AddInLoader
Load Assembly : IPA.Lib.SAP

2024-04-22 12:11:50,664 [T1] DEBUG AddInLoader
Load Assembly : IPA.Lib.Web

2024-04-22 12:11:50,722 [T1] DEBUG AddInLoader
Load Assembly : IPA.Lib.Win

2024-04-22 12:11:50,792 [T1] INFO  ScreenCapture
Default Screen Capture Bounds: 0;0;1920;1080

2024-04-22 12:11:50,811 [T1] DEBUG AddInLoader
Load Assembly : BrityRPA.AddIn.NativeApp

2024-04-22 12:11:50,871 [T1] DEBUG AddInLoader
Load Assembly : BrityWorks.AddIn.Outlook

2024-04-22 12:11:50,909 [T1] DEBUG AddInLoader
Load Assembly : BrityWorks.AddIn.Pdf

2024-04-22 12:11:50,958 [T1] DEBUG LibraryManager
Load Library - Chrome

2024-04-22 12:11:50,959 [T1] DEBUG LibraryManager
Load Library - Desktop

2024-04-22 12:11:50,960 [T1] DEBUG LibraryManager
Load Library - Excel

2024-04-22 12:11:50,960 [T1] DEBUG LibraryManager
Load Library - Flow

2024-04-22 12:11:50,960 [T1] DEBUG LibraryManager
Load Library - IE

2024-04-22 12:11:50,961 [T1] DEBUG LibraryManager
Load Library - ImageConverter

2024-04-22 12:11:50,961 [T1] DEBUG LibraryManager
Load Library - ImageRecognition

2024-04-22 12:11:50,962 [T1] DEBUG LibraryManager
Load Library - MicrosoftOCR

2024-04-22 12:11:50,962 [T1] DEBUG LibraryManager
Load Library - NativeApp

2024-04-22 12:11:50,963 [T1] DEBUG LibraryManager
Load Library - Net

2024-04-22 12:11:50,964 [T1] DEBUG LibraryManager
Load Library - Orchestra

2024-04-22 12:11:50,964 [T1] DEBUG LibraryManager
Load Library - Outlook

2024-04-22 12:11:50,964 [T1] DEBUG LibraryManager
Load Library - Pdf

2024-04-22 12:11:50,964 [T1] DEBUG LibraryManager
Load Library - SAP

2024-04-22 12:11:50,965 [T1] DEBUG LibraryManager
Load Library - Web

2024-04-22 12:11:50,965 [T1] DEBUG LibraryManager
Load Library - Win

2024-04-22 12:11:50,965 [T1] DEBUG LibraryManager
Load Library - WorkFlow

2024-04-22 12:11:50,969 [T1] DEBUG LibraryManager
Load built-in script libraries

2024-04-22 12:11:51,041 [T1] INFO  LibraryManager
Load Libraries - Completed.

2024-04-22 12:11:51,045 [T1] INFO  App
Launch Arguments: Total: 6 |  -eid D_20240422_121148_967 -runtype ProcRunner -ppid 5068

2024-04-22 12:11:51,046 [T1] DEBUG Config
Refresh Language Information

2024-04-22 12:11:51,046 [T1] DEBUG LibraryManager
LibraryManager Initialized.

2024-04-22 12:12:30,316 [T6] INFO  JobService
Start Job: P_BuscaPelando (Foreground)
{
  "UsePIP": false,
  "UserID": null,
  "UserPWD": null,
  "IsRunning": false,
  "ResultMessage": null,
  "JobWorkDir": "C:\\Users\\rsouz\\OneDrive\\Documentos\\BuscaPelando\\BuscaPelando\\Histories\\20240422_121230_P_BuscaPelando_Designer_20240422_121228_274",
  "JobLogDir": "C:\\Users\\rsouz\\OneDrive\\Documentos\\BuscaPelando\\BuscaPelando\\Histories\\20240422_121230_P_BuscaPelando_Designer_20240422_121228_274\\Log",
  "JobScreenshotDir": "C:\\Users\\rsouz\\OneDrive\\Documentos\\BuscaPelando\\BuscaPelando\\Histories\\20240422_121230_P_BuscaPelando_Designer_20240422_121228_274\\Log\\Screenshot",
  "TotalProcessStepCount": 0,
  "CurrentStepNo": 0,
  "CurrentStepName": null,
  "StartTime": "2024-04-22 12:12:30",
  "EndTime": null,
  "Data": null,
  "EngineID": "D_20240422_121148_967",
  "EnginePID": 0,
  "EngineRecommededVersion": "",
  "JobId": "Designer_20240422_121228_274",
  "JobType": 1,
  "UserAuthentication": null,
  "ProcessPath": "C:\\Users\\rsouz\\OneDrive\\Documentos\\BuscaPelando\\BuscaPelando\\P_BuscaPelando.proc",
  "ProcessId": "555b061e-b28a-40a4-a60a-8b5af287d0c6",
  "ProcessVer": "",
  "ProcessArgs": null,
  "RequesterType": 3,
  "RequesterId": "designer",
  "RequesterPID": 5068,
  "OptionsJsonString": null,
  "TimeoutSec": 0,
  "State": 0
}

2024-04-22 12:12:30,437 [T11] DEBUG JobService
Waiting library loading...

2024-04-22 12:12:30,438 [T11] DEBUG Config
Reload User Settings

2024-04-22 12:12:30,439 [T11] INFO  Config
UserSettings Reloaded =>
 - LastExecution : Ui5yLDU90ccbYF5uKMimGEDA/GJ8RTB6Pc1hOt19d9Q= -> piQ8PH5bzFzI9FZ7NNbPim9pErCUW66kaDUIPV1DQfU=

2024-04-22 12:12:30,439 [T11] INFO  JobService
Config Loading Completed.

2024-04-22 12:12:30,439 [T11] DEBUG JobService
Config Loading Time: 2 ms.

2024-04-22 12:12:30,445 [T11] INFO  JobManager
Create JobManager instance for job P_BuscaPelando(Designer_20240422_121228_274)

2024-04-22 12:12:30,449 [T11] INFO  JobRequest
Job ID : Designer_20240422_121228_274
Project Path  : C:\Users\rsouz\OneDrive\Documentos\BuscaPelando\BuscaPelando\BuscaPelando.proj
Process Name  : P_BuscaPelando
Engine Mode   : Designer
Requester Type: Designer
Requester PID : 5068

2024-04-22 12:12:30,449 [T7] INFO  JobRequest
Start Callback Sender

2024-04-22 12:12:30,450 [T7] DEBUG JobRequest
Step Callback Interval: 500

2024-04-22 12:12:30,485 [T11] DEBUG ProjectManager
Set Project Information

2024-04-22 12:12:30,504 [T11] INFO  PlayOptionManager
PlayOption
- Step Interval : 1
- Disable DrawBounds : False
- Invoke First : False
- Allow Upload of DumpScreen results : False

2024-04-22 12:12:30,505 [T11] INFO  JobRunner
Initialize Script Engine

2024-04-22 12:12:30,515 [TScriptEngine] INFO  JobRequest
##############################################################
### STATE: Initializing
##############################################################


2024-04-22 12:12:30,538 [T7] DEBUG JobRequest
Callback - State: Initializing


2024-04-22 12:12:31,032 [TScriptEngine] INFO  JobRequest
##############################################################
### STATE: Ready
##############################################################


2024-04-22 12:12:31,039 [T11] INFO  JobRunnerHook
HotKey Hook Started

2024-04-22 12:12:31,039 [T11] INFO  JobRequest
##############################################################
### STATE: Starting
##############################################################


2024-04-22 12:12:31,040 [T7] DEBUG JobRequest
Callback - State: Ready


2024-04-22 12:12:31,040 [TScriptEngine] INFO  JobRunner
RunProcess start

2024-04-22 12:12:31,041 [T7] DEBUG JobRequest
Callback - State: Starting


2024-04-22 12:12:31,041 [TScriptEngine] INFO  JobRequest
##############################################################
### STATE: Running
##############################################################


2024-04-22 12:12:31,041 [TScriptEngine] INFO  JobRequest
Last job life cycle state: Running

2024-04-22 12:12:31,056 [T7] DEBUG JobRequest
Callback - State: Running


2024-04-22 12:12:31,137 [TScriptEngine] WARN  ProcessDataValidator
It can be occurred a malfunction to play P_BuscaPelando,
because this system is different from designed system environment.
(OS, Resolution, etc)

2024-04-22 12:12:31,890 [TScriptEngine] DEBUG ScreenCapture
DirectX Screen Capture Initialized.

2024-04-22 12:12:31,961 [TScriptEngine] DEBUG JobRunner
DirectX ScreenCapture Checked.

2024-04-22 12:12:31,982 [TScriptEngine] INFO  JobRequest
##############################################################
### STATE: StartProcess - P_BuscaPelando
##############################################################
555b061e-b28a-40a4-a60a-8b5af287d0c6
P_BuscaPelando


2024-04-22 12:12:32,019 [TScriptEngine] INFO  JobRequest
**************************************************************
*** TASK: P_BuscaPelando
**************************************************************
 - STEP 1: S86f16690686645bc8439a8b2b452cd83 (1/25) - (1/23)
 - [1] ExecuteScript


2024-04-22 12:12:32,079 [TScriptEngine] INFO  JobRequest
 - STEP 2: S4d3ff38410c5455b826d43d87cf49cd8 (2/25) - (2/23)
 - [2] ChromeOpen


2024-04-22 12:12:34,231 [T13] DEBUG ChromeRemoteConnect
GetRemoteBrowserUsingEndPoint Fail : Um ou mais erros.

2024-04-22 12:12:34,261 [T13] DEBUG ChromeCommonExtension
extension default locale empty

2024-04-22 12:12:34,262 [T13] DEBUG ChromeCommonExtension
extension default locale empty

2024-04-22 12:12:34,262 [T13] DEBUG ChromeCommonExtension
extension default locale empty

2024-04-22 12:12:34,263 [T13] DEBUG ChromeCommonExtension
extension default locale empty

2024-04-22 12:12:36,378 [T13] DEBUG ChromeCommonExtension
extension default locale empty

2024-04-22 12:12:36,379 [T13] DEBUG ChromeCommonExtension
extension default locale empty

2024-04-22 12:12:36,379 [T13] DEBUG ChromeCommonExtension
extension default locale empty

2024-04-22 12:12:36,380 [T13] DEBUG ChromeCommonExtension
extension default locale empty

2024-04-22 12:12:38,093 [TScriptEngine] INFO  JobRequest
 - STEP 3: S03561362f69e48408b702ca4b8714b67 (3/25) - (3/23)
 - [3] OpenExcel


2024-04-22 12:12:39,605 [TScriptEngine] INFO  JobRequest
 - STEP 4: S584a8a33bcbf4374b5d2845290c8d9b2 (4/25) - (4/23)
 - [4] GetRowCount


2024-04-22 12:12:39,728 [TScriptEngine] INFO  JobRequest
 - STEP 5: S8b8d108e00ed4c2ba96a9f2ae5f44746 (5/25) - (5/23)
 - [5] For


2024-04-22 12:12:39,743 [TScriptEngine] INFO  JobRequest
 - STEP 6: S81addd046cc34e86adc068f41f9de701 (6/25) - (6/23)
 - [6] ReadString


2024-04-22 12:12:39,866 [TScriptEngine] INFO  JobRequest
 - STEP 7: S6168511069a04932a8552b7ca7518a8e (7/25) - (7/23)
 - [7] ChromeSetText


2024-04-22 12:12:52,454 [TScriptEngine] INFO  JobRequest
 - STEP 8: S1a0ab2948c84411ba5de633436320dca (8/25) - (8/23)
 - [8] ChromeClick


2024-04-22 12:12:52,668 [TScriptEngine] INFO  JobRequest
 - STEP 9: S20620cb234734489b2e4321a3335cb99 (9/25) - (9/23)
 - [9] Delay


2024-04-22 12:13:02,687 [TScriptEngine] INFO  JobRequest
 - STEP 10: Sd154f94205ee4ffe849849fea7680492 (10/25) - (10/23)
 - [10] ChromeClick


2024-04-22 12:13:02,871 [TScriptEngine] INFO  JobRequest
 - STEP 11: S1d6e4894fb7b4b96b373622eece1859e (11/25) - (11/23)
 - [11] ChromeGetData


2024-04-22 12:13:06,041 [TScriptEngine] INFO  JobRequest
 - STEP 12: S8ee7d528e5e34392a06123c70f954243 (12/25) - (12/23)
 - [12] IfElse


2024-04-22 12:13:06,056 [TScriptEngine] INFO  JobRequest
 - STEP 13: S66f5af37684547df95266d11a70ce379 (14/25) - (14/23)
 - [14] Else


2024-04-22 12:13:06,071 [TScriptEngine] INFO  JobRequest
 - STEP 14: Sbdb11cf3a7cb43df9a15cc8fb32ce05d (15/25) - (15/23)
 - [15] Continue


2024-04-22 12:13:06,086 [TScriptEngine] INFO  JobRequest
 - STEP 15: S81addd046cc34e86adc068f41f9de701 (6/25) - (15/23)
 - [6] ReadString


2024-04-22 12:13:06,255 [TScriptEngine] INFO  JobRequest
 - STEP 16: S6168511069a04932a8552b7ca7518a8e (7/25) - (15/23)
 - [7] ChromeSetText


2024-04-22 12:13:18,525 [TScriptEngine] INFO  JobRequest
 - STEP 17: S1a0ab2948c84411ba5de633436320dca (8/25) - (15/23)
 - [8] ChromeClick


2024-04-22 12:13:18,710 [TScriptEngine] INFO  JobRequest
 - STEP 18: S20620cb234734489b2e4321a3335cb99 (9/25) - (15/23)
 - [9] Delay


2024-04-22 12:13:23,752 [T6] INFO  JobService
Stop Job

2024-04-22 12:13:23,753 [T6] INFO  JobRunner
Stop Job Runner - Cause: LocalUser / Message: stop by user

2024-04-22 12:13:23,754 [T6] INFO  JobRequest
##############################################################
### STATE: Stopping
##############################################################
stop by user


2024-04-22 12:13:23,758 [T7] DEBUG JobRequest
Callback - State: Stopping
stop by user

2024-04-22 12:13:23,760 [TScriptEngine] DEBUG JobRunner
RunTask Interrupted. TASK: P_BuscaPelando => Script execution interrupted by host

2024-04-22 12:13:23,780 [TScriptEngine] DEBUG JobManager
Set Result State: Stopped

2024-04-22 12:13:23,782 [TScriptEngine] INFO  JobRunner
Make report.

2024-04-22 12:13:23,820 [TScriptEngine] INFO  JobRunner
Start to clean up resources.

2024-04-22 12:13:23,821 [TScriptEngine] DEBUG JobRunner
OnProcessCompleted

2024-04-22 12:13:23,821 [T12] DEBUG JobRunner
Start timer for checking the job to be completed.

2024-04-22 12:13:23,824 [TScriptEngine] DEBUG ExcelBase
DisposeExcel

2024-04-22 12:13:23,845 [TScriptEngine] INFO  JobRunner
Start to clean up resources.

2024-04-22 12:13:23,846 [TScriptEngine] DEBUG JobRunner
Remove all Process Stack: 1

2024-04-22 12:13:23,848 [TScriptEngine] INFO  JobRequest
##############################################################
### STATE: EndProcess - P_BuscaPelando
##############################################################
555b061e-b28a-40a4-a60a-8b5af287d0c6
P_BuscaPelando


2024-04-22 12:13:23,849 [TScriptEngine] DEBUG JobRunner
Remove all libraries

2024-04-22 12:13:23,850 [TScriptEngine] DEBUG NetPlayer
WebPlayer OnDispose

2024-04-22 12:13:23,851 [TScriptEngine] DEBUG WebPlayer
WebPlayer OnDispose : Do Nothing

2024-04-22 12:13:23,853 [TScriptEngine] DEBUG UiaAppHelper
WinHelper DisposeAppList Count: 0

2024-04-22 12:13:23,853 [TScriptEngine] INFO  JobRunner
All Resources Clear

2024-04-22 12:13:23,854 [TScriptEngine] DEBUG JobRunner
OnCompleted

2024-04-22 12:13:23,854 [TScriptEngine] DEBUG JobRunner
SendJobResult: Stopped

2024-04-22 12:13:23,854 [TScriptEngine] INFO  JobRequest
##############################################################
### STATE: Stopped
##############################################################
Process: P_BuscaPelando
Step: Delay (9/25)

Stopped by User


2024-04-22 12:13:23,854 [TScriptEngine] INFO  JobRequest
Last job life cycle state: Stopped

2024-04-22 12:13:23,859 [TScriptEngine] INFO  JobRequest
##############################################################
### JOB COMPLETED
##############################################################


2024-04-22 12:13:23,865 [T7] DEBUG JobRequest
Callback - State: Stopped
Process: P_BuscaPelando
Step: Delay (9/25)

Stopped by User

2024-04-22 12:13:23,866 [T7] INFO  JobRequest
Callback - EngineClosed

2024-04-22 12:13:23,866 [T7] INFO  JobService
Disconnect agent service

2024-04-22 12:13:23,878 [T7] DEBUG JobRequest
End of Callback Sender

2024-04-22 12:13:23,880 [TScriptEngine] INFO  JobRunner
RunProcess end

2024-04-22 12:13:23,880 [T1] INFO  JobService
Exit - Shutdown Engine BOT

